#
# A fatal error has been detected by the Java Runtime Environment:
#
#  EXCEPTION_ACCESS_VIOLATION (0xc0000005) at pc=0x000000005c8bdc34, pid=18776, tid=0x00000000000003f4
#
# JRE version: Java(TM) SE Runtime Environment (8.0_201-b09) (build 1.8.0_201-b09)
# Java VM: Java HotSpot(TM) 64-Bit Server VM (25.201-b09 mixed mode windows-amd64 compressed oops)
# Problematic frame:
# V  [jvm.dll+0x48dc34]
#
# Failed to write core dump. Minidumps are not enabled by default on client versions of Windows
#
# If you would like to submit a bug report, please visit:
#   http://bugreport.java.com/bugreport/crash.jsp
#

---------------  T H R E A D  ---------------

Current thread (0x00000000163b4000):  JavaThread "C2 CompilerThread2" daemon [_thread_in_native, id=1012, stack(0x0000000016d80000,0x0000000016e80000)]

siginfo: ExceptionCode=0xc0000005, reading address 0x000000001a6faff8

Registers:
RAX=0x00000000000000a4, RBX=0x00000000175e80d0, RCX=0x00000000175e74a0, RDX=0x000000001a6faff8
RSP=0x0000000016e7c090, RBP=0x00000000000000e0, RSI=0x0000000019bd8328, RDI=0x0000000019bd8328
R8 =0x000000001a8c9608, R9 =0x0000000019bd8360, R10=0x0000000000000002, R11=0x0000000000000000
R12=0x0000000000000000, R13=0x0000000016e7c168, R14=0x0000000016e7c2a0, R15=0x0000000016e7c188
RIP=0x000000005c8bdc34, EFLAGS=0x0000000000010212

Top of Stack: (sp=0x0000000016e7c090)
0x0000000016e7c090:   0000000017bb4580 0000000000000010
0x0000000016e7c0a0:   0000000000000004 0000000016e7c0e8
0x0000000016e7c0b0:   000000001b986040 000000001b9960a0
0x0000000016e7c0c0:   000000001b986020 00000000163aca00
0x0000000016e7c0d0:   000000001961efd0 00000000163aca00
0x0000000016e7c0e0:   0000000019622840 0000000000000c5d
0x0000000016e7c0f0:   0000000016e7c2a0 000000005c8bf9df
0x0000000016e7c100:   0000000016e7c189 0000000000000000
0x0000000016e7c110:   0000000019626fb8 00000000190798c0
0x0000000016e7c120:   0000000000000005 00000000184103f8
0x0000000016e7c130:   0000000000000000 0000000000000000
0x0000000016e7c140:   0000000000000000 0000000000000000
0x0000000016e7c150:   0000000000000000 0000000000000000
0x0000000016e7c160:   0000000000000000 00000000163aca00
0x0000000016e7c170:   0000000000001000 000000001a780cc0
0x0000000016e7c180:   0000000000000030 000000005caadea8 

Instructions: (pc=0x000000005c8bdc34)
0x000000005c8bdc14:   85 c9 74 2d 4c 8b 41 10 4d 85 c0 74 24 8b 41 20
0x000000005c8bdc24:   49 8d 14 c0 0f 1f 84 00 00 00 00 00 48 83 ea 08
0x000000005c8bdc34:   48 39 3a 75 f7 ff c8 89 41 20 49 8b 0c c0 48 89
0x000000005c8bdc44:   0a 49 89 19 eb 3e 83 7f 18 01 75 62 49 8b 08 49 


Register to memory mapping:

RAX=0x00000000000000a4 is an unknown value
RBX=0x00000000175e80d0 is an unknown value
RCX=0x00000000175e74a0 is an unknown value
RDX=0x000000001a6faff8 is an unknown value
RSP=0x0000000016e7c090 is pointing into the stack for thread: 0x00000000163b4000
RBP=0x00000000000000e0 is an unknown value
RSI=0x0000000019bd8328 is an unknown value
RDI=0x0000000019bd8328 is an unknown value
R8 =0x000000001a8c9608 is an unknown value
R9 =0x0000000019bd8360 is an unknown value
R10=0x0000000000000002 is an unknown value
R11=0x0000000000000000 is an unknown value
R12=0x0000000000000000 is an unknown value
R13=0x0000000016e7c168 is pointing into the stack for thread: 0x00000000163b4000
R14=0x0000000016e7c2a0 is pointing into the stack for thread: 0x00000000163b4000
R15=0x0000000016e7c188 is pointing into the stack for thread: 0x00000000163b4000


Stack: [0x0000000016d80000,0x0000000016e80000],  sp=0x0000000016e7c090,  free space=1008k
Native frames: (J=compiled Java code, j=interpreted, Vv=VM code, C=native code)
V  [jvm.dll+0x48dc34]
V  [jvm.dll+0x48f9df]
V  [jvm.dll+0x4908aa]
V  [jvm.dll+0x477d9c]
V  [jvm.dll+0x47a787]
V  [jvm.dll+0x45cfa2]
V  [jvm.dll+0xa6b42]
V  [jvm.dll+0xa748f]
V  [jvm.dll+0x24656f]
V  [jvm.dll+0x29fb6a]
C  [msvcr100.dll+0x21db7]
C  [msvcr100.dll+0x21e53]
C  [KERNEL32.DLL+0x17c24]
C  [ntdll.dll+0x6d721]


Current CompileTask:
C2:   4629 4111       4       java.net.URLStreamHandler::parseURL (1193 bytes)


---------------  P R O C E S S  ---------------

Java Threads: ( => current thread )
  0x000000001644b800 JavaThread "Service Thread" daemon [_thread_blocked, id=12904, stack(0x0000000016f80000,0x0000000017080000)]
  0x00000000163b8000 JavaThread "C1 CompilerThread3" daemon [_thread_blocked, id=17380, stack(0x0000000016e80000,0x0000000016f80000)]
=>0x00000000163b4000 JavaThread "C2 CompilerThread2" daemon [_thread_in_native, id=1012, stack(0x0000000016d80000,0x0000000016e80000)]
  0x00000000163b0800 JavaThread "C2 CompilerThread1" daemon [_thread_in_native, id=17912, stack(0x0000000016c80000,0x0000000016d80000)]
  0x00000000163ae800 JavaThread "C2 CompilerThread0" daemon [_thread_in_native, id=19352, stack(0x0000000016b80000,0x0000000016c80000)]
  0x00000000163ad800 JavaThread "Attach Listener" daemon [_thread_blocked, id=19696, stack(0x0000000016a80000,0x0000000016b80000)]
  0x0000000016359000 JavaThread "Signal Dispatcher" daemon [_thread_blocked, id=11496, stack(0x0000000016980000,0x0000000016a80000)]
  0x0000000016340800 JavaThread "Finalizer" daemon [_thread_blocked, id=5944, stack(0x0000000016820000,0x0000000016920000)]
  0x0000000002ce6000 JavaThread "Reference Handler" daemon [_thread_blocked, id=6392, stack(0x0000000016720000,0x0000000016820000)]
  0x0000000002bf2800 JavaThread "main" [_thread_in_native, id=16204, stack(0x0000000002710000,0x0000000002810000)]

Other Threads:
  0x000000001455a000 VMThread [stack: 0x0000000016220000,0x0000000016320000] [id=18512]
  0x0000000016466000 WatcherThread [stack: 0x0000000017080000,0x0000000017180000] [id=1396]

VM state:not at safepoint (normal execution)

VM Mutex/Monitor currently owned by a thread: None

heap address: 0x00000000e0000000, size: 512 MB, Compressed Oops mode: 32-bit
Narrow klass base: 0x0000000000000000, Narrow klass shift: 3
Compressed class space size: 1073741824 Address: 0x0000000100000000

Heap:
 PSYoungGen      total 136192K, used 23543K [0x00000000f5580000, 0x00000000ffe00000, 0x0000000100000000)
  eden space 99840K, 8% used [0x00000000f5580000,0x00000000f5d73920,0x00000000fb700000)
  from space 36352K, 42% used [0x00000000fda80000,0x00000000fe98a308,0x00000000ffe00000)
  to   space 36352K, 0% used [0x00000000fb700000,0x00000000fb700000,0x00000000fda80000)
 ParOldGen       total 175104K, used 20121K [0x00000000e0000000, 0x00000000eab00000, 0x00000000f5580000)
  object space 175104K, 11% used [0x00000000e0000000,0x00000000e13a6430,0x00000000eab00000)
 Metaspace       used 23443K, capacity 24066K, committed 24192K, reserved 1071104K
  class space    used 2732K, capacity 2856K, committed 2944K, reserved 1048576K

Card table byte_map: [0x00000000120b0000,0x00000000121c0000] byte_map_base: 0x00000000119b0000

Marking Bits: (ParMarkBitMap*) 0x000000005cc54ce0
 Begin Bits: [0x0000000012a70000, 0x0000000013270000)
 End Bits:   [0x0000000013270000, 0x0000000013a70000)

Polling page: 0x0000000000920000

CodeCache: size=245760Kb used=15559Kb max_used=15578Kb free=230200Kb
 bounds [0x0000000002cf0000, 0x0000000003c40000, 0x0000000011cf0000]
 total_blobs=4564 nmethods=4151 adapters=325
 compilation: enabled

Compilation events (10 events):
Event: 4.601 Thread 0x00000000163b8000 4156       3       java.util.zip.ZipInputStream::readFully (44 bytes)
Event: 4.602 Thread 0x00000000163b8000 nmethod 4156 0x0000000003c1b410 code [0x0000000003c1b5a0, 0x0000000003c1b998]
Event: 4.602 Thread 0x00000000163b8000 4157       3       java.io.PushbackInputStream::read (145 bytes)
Event: 4.602 Thread 0x00000000163b0800 4158       4       java.io.FilterInputStream::read (11 bytes)
Event: 4.602 Thread 0x00000000163b8000 nmethod 4157 0x0000000003c1a5d0 code [0x0000000003c1a7c0, 0x0000000003c1b0a8]
Event: 4.603 Thread 0x00000000163b8000 4159       3       java.util.zip.CRC32::getValue (10 bytes)
Event: 4.603 Thread 0x00000000163b8000 nmethod 4159 0x0000000003c1a290 code [0x0000000003c1a3e0, 0x0000000003c1a550]
Event: 4.604 Thread 0x00000000163ae800 4160   !   4       java.util.zip.InflaterInputStream::read (138 bytes)
Event: 4.604 Thread 0x00000000163b8000 4161   !   3       java.util.zip.Inflater::getBytesWritten (23 bytes)
Event: 4.604 Thread 0x00000000163b8000 nmethod 4161 0x0000000003c1cc90 code [0x0000000003c1ce00, 0x0000000003c1d128]

GC Heap History (10 events):
Event: 2.741 GC heap before
{Heap before GC invocations=3 (full 0):
 PSYoungGen      total 76288K, used 76276K [0x00000000f5580000, 0x00000000faa80000, 0x0000000100000000)
  eden space 65536K, 100% used [0x00000000f5580000,0x00000000f9580000,0x00000000f9580000)
  from space 10752K, 99% used [0x00000000fa000000,0x00000000faa7d0f0,0x00000000faa80000)
  to   space 10752K, 0% used [0x00000000f9580000,0x00000000f9580000,0x00000000fa000000)
 ParOldGen       total 175104K, used 1516K [0x00000000e0000000, 0x00000000eab00000, 0x00000000f5580000)
  object space 175104K, 0% used [0x00000000e0000000,0x00000000e017b228,0x00000000eab00000)
 Metaspace       used 16446K, capacity 16822K, committed 16896K, reserved 1064960K
  class space    used 1903K, capacity 2018K, committed 2048K, reserved 1048576K
Event: 2.748 GC heap after
Heap after GC invocations=3 (full 0):
 PSYoungGen      total 76288K, used 10728K [0x00000000f5580000, 0x00000000faa80000, 0x0000000100000000)
  eden space 65536K, 0% used [0x00000000f5580000,0x00000000f5580000,0x00000000f9580000)
  from space 10752K, 99% used [0x00000000f9580000,0x00000000f9ffa040,0x00000000fa000000)
  to   space 10752K, 0% used [0x00000000fa000000,0x00000000fa000000,0x00000000faa80000)
 ParOldGen       total 175104K, used 5468K [0x00000000e0000000, 0x00000000eab00000, 0x00000000f5580000)
  object space 175104K, 3% used [0x00000000e0000000,0x00000000e0557280,0x00000000eab00000)
 Metaspace       used 16446K, capacity 16822K, committed 16896K, reserved 1064960K
  class space    used 1903K, capacity 2018K, committed 2048K, reserved 1048576K
}
Event: 3.028 GC heap before
{Heap before GC invocations=4 (full 0):
 PSYoungGen      total 76288K, used 75519K [0x00000000f5580000, 0x00000000faa80000, 0x0000000100000000)
  eden space 65536K, 98% used [0x00000000f5580000,0x00000000f94c5e50,0x00000000f9580000)
  from space 10752K, 99% used [0x00000000f9580000,0x00000000f9ffa040,0x00000000fa000000)
  to   space 10752K, 0% used [0x00000000fa000000,0x00000000fa000000,0x00000000faa80000)
 ParOldGen       total 175104K, used 5468K [0x00000000e0000000, 0x00000000eab00000, 0x00000000f5580000)
  object space 175104K, 3% used [0x00000000e0000000,0x00000000e0557280,0x00000000eab00000)
 Metaspace       used 17549K, capacity 18036K, committed 18304K, reserved 1064960K
  class space    used 2014K, capacity 2123K, committed 2176K, reserved 1048576K
Event: 3.045 GC heap after
Heap after GC invocations=4 (full 0):
 PSYoungGen      total 76288K, used 10728K [0x00000000f5580000, 0x00000000fea80000, 0x0000000100000000)
  eden space 65536K, 0% used [0x00000000f5580000,0x00000000f5580000,0x00000000f9580000)
  from space 10752K, 99% used [0x00000000fa000000,0x00000000faa7a040,0x00000000faa80000)
  to   space 10752K, 0% used [0x00000000f9580000,0x00000000f9580000,0x00000000fa000000)
 ParOldGen       total 175104K, used 38899K [0x00000000e0000000, 0x00000000eab00000, 0x00000000f5580000)
  object space 175104K, 22% used [0x00000000e0000000,0x00000000e25fcfd8,0x00000000eab00000)
 Metaspace       used 17549K, capacity 18036K, committed 18304K, reserved 1064960K
  class space    used 2014K, capacity 2123K, committed 2176K, reserved 1048576K
}
Event: 3.449 GC heap before
{Heap before GC invocations=5 (full 0):
 PSYoungGen      total 76288K, used 71634K [0x00000000f5580000, 0x00000000fea80000, 0x0000000100000000)
  eden space 65536K, 92% used [0x00000000f5580000,0x00000000f90fa908,0x00000000f9580000)
  from space 10752K, 99% used [0x00000000fa000000,0x00000000faa7a040,0x00000000faa80000)
  to   space 10752K, 0% used [0x00000000f9580000,0x00000000f9580000,0x00000000fa000000)
 ParOldGen       total 175104K, used 38899K [0x00000000e0000000, 0x00000000eab00000, 0x00000000f5580000)
  object space 175104K, 22% used [0x00000000e0000000,0x00000000e25fcfd8,0x00000000eab00000)
 Metaspace       used 20610K, capacity 21182K, committed 21248K, reserved 1069056K
  class space    used 2429K, capacity 2556K, committed 2560K, reserved 1048576K
Event: 3.457 GC heap after
Heap after GC invocations=5 (full 0):
 PSYoungGen      total 76288K, used 10744K [0x00000000f5580000, 0x0000000100000000, 0x0000000100000000)
  eden space 65536K, 0% used [0x00000000f5580000,0x00000000f5580000,0x00000000f9580000)
  from space 10752K, 99% used [0x00000000f9580000,0x00000000f9ffe050,0x00000000fa000000)
  to   space 38400K, 0% used [0x00000000fda80000,0x00000000fda80000,0x0000000100000000)
 ParOldGen       total 175104K, used 41795K [0x00000000e0000000, 0x00000000eab00000, 0x00000000f5580000)
  object space 175104K, 23% used [0x00000000e0000000,0x00000000e28d0c38,0x00000000eab00000)
 Metaspace       used 20610K, capacity 21182K, committed 21248K, reserved 1069056K
  class space    used 2429K, capacity 2556K, committed 2560K, reserved 1048576K
}
Event: 3.457 GC heap before
{Heap before GC invocations=6 (full 1):
 PSYoungGen      total 76288K, used 10744K [0x00000000f5580000, 0x0000000100000000, 0x0000000100000000)
  eden space 65536K, 0% used [0x00000000f5580000,0x00000000f5580000,0x00000000f9580000)
  from space 10752K, 99% used [0x00000000f9580000,0x00000000f9ffe050,0x00000000fa000000)
  to   space 38400K, 0% used [0x00000000fda80000,0x00000000fda80000,0x0000000100000000)
 ParOldGen       total 175104K, used 41795K [0x00000000e0000000, 0x00000000eab00000, 0x00000000f5580000)
  object space 175104K, 23% used [0x00000000e0000000,0x00000000e28d0c38,0x00000000eab00000)
 Metaspace       used 20610K, capacity 21182K, committed 21248K, reserved 1069056K
  class space    used 2429K, capacity 2556K, committed 2560K, reserved 1048576K
Event: 3.510 GC heap after
Heap after GC invocations=6 (full 1):
 PSYoungGen      total 76288K, used 0K [0x00000000f5580000, 0x0000000100000000, 0x0000000100000000)
  eden space 65536K, 0% used [0x00000000f5580000,0x00000000f5580000,0x00000000f9580000)
  from space 10752K, 0% used [0x00000000f9580000,0x00000000f9580000,0x00000000fa000000)
  to   space 38400K, 0% used [0x00000000fda80000,0x00000000fda80000,0x0000000100000000)
 ParOldGen       total 175104K, used 20113K [0x00000000e0000000, 0x00000000eab00000, 0x00000000f5580000)
  object space 175104K, 11% used [0x00000000e0000000,0x00000000e13a4430,0x00000000eab00000)
 Metaspace       used 20610K, capacity 21182K, committed 21248K, reserved 1069056K
  class space    used 2429K, capacity 2556K, committed 2560K, reserved 1048576K
}
Event: 4.563 GC heap before
{Heap before GC invocations=7 (full 1):
 PSYoungGen      total 76288K, used 65536K [0x00000000f5580000, 0x0000000100000000, 0x0000000100000000)
  eden space 65536K, 100% used [0x00000000f5580000,0x00000000f9580000,0x00000000f9580000)
  from space 10752K, 0% used [0x00000000f9580000,0x00000000f9580000,0x00000000fa000000)
  to   space 38400K, 0% used [0x00000000fda80000,0x00000000fda80000,0x0000000100000000)
 ParOldGen       total 175104K, used 20113K [0x00000000e0000000, 0x00000000eab00000, 0x00000000f5580000)
  object space 175104K, 11% used [0x00000000e0000000,0x00000000e13a4430,0x00000000eab00000)
 Metaspace       used 23264K, capacity 23970K, committed 24192K, reserved 1071104K
  class space    used 2695K, capacity 2824K, committed 2944K, reserved 1048576K
Event: 4.570 GC heap after
Heap after GC invocations=7 (full 1):
 PSYoungGen      total 136192K, used 15400K [0x00000000f5580000, 0x00000000ffe00000, 0x0000000100000000)
  eden space 99840K, 0% used [0x00000000f5580000,0x00000000f5580000,0x00000000fb700000)
  from space 36352K, 42% used [0x00000000fda80000,0x00000000fe98a308,0x00000000ffe00000)
  to   space 36352K, 0% used [0x00000000fb700000,0x00000000fb700000,0x00000000fda80000)
 ParOldGen       total 175104K, used 20121K [0x00000000e0000000, 0x00000000eab00000, 0x00000000f5580000)
  object space 175104K, 11% used [0x00000000e0000000,0x00000000e13a6430,0x00000000eab00000)
 Metaspace       used 23264K, capacity 23970K, committed 24192K, reserved 1071104K
  class space    used 2695K, capacity 2824K, committed 2944K, reserved 1048576K
}

Deoptimization events (10 events):
Event: 4.386 Thread 0x0000000002bf2800 Uncommon trap: reason=unstable_if action=reinterpret pc=0x0000000003ba30ac method=java.util.zip.ZipInputStream.readLOC()Ljava/util/zip/ZipEntry; @ 29
Event: 4.399 Thread 0x0000000002bf2800 Uncommon trap: reason=unstable_if action=reinterpret pc=0x0000000003b869f8 method=java.util.zip.ZipInputStream.readLOC()Ljava/util/zip/ZipEntry; @ 264
Event: 4.499 Thread 0x0000000002bf2800 Uncommon trap: reason=unstable_if action=reinterpret pc=0x000000000342fbdc method=java.util.HashMap.hash(Ljava/lang/Object;)I @ 1
Event: 4.502 Thread 0x0000000002bf2800 Uncommon trap: reason=unstable_if action=reinterpret pc=0x00000000033b97e4 method=java.util.HashMap.hash(Ljava/lang/Object;)I @ 1
Event: 4.585 Thread 0x0000000002bf2800 Uncommon trap: reason=bimorphic action=maybe_recompile pc=0x00000000036dbf00 method=java.util.regex.Pattern$5.isSatisfiedBy(I)Z @ 5
Event: 4.585 Thread 0x0000000002bf2800 Uncommon trap: reason=bimorphic action=maybe_recompile pc=0x00000000036dbef4 method=java.util.regex.Pattern$5.isSatisfiedBy(I)Z @ 5
Event: 4.585 Thread 0x0000000002bf2800 Uncommon trap: reason=bimorphic action=maybe_recompile pc=0x00000000036dbef4 method=java.util.regex.Pattern$5.isSatisfiedBy(I)Z @ 5
Event: 4.585 Thread 0x0000000002bf2800 Uncommon trap: reason=bimorphic action=maybe_recompile pc=0x00000000036dbef4 method=java.util.regex.Pattern$5.isSatisfiedBy(I)Z @ 5
Event: 4.601 Thread 0x0000000002bf2800 Uncommon trap: reason=unstable_if action=reinterpret pc=0x0000000003b8c798 method=java.io.PushbackInputStream.read([BII)I @ 60
Event: 4.601 Thread 0x0000000002bf2800 Uncommon trap: reason=unstable_if action=reinterpret pc=0x0000000003b81260 method=java.io.PushbackInputStream.read([BII)I @ 60

Classes redefined (0 events):
No events

Internal exceptions (10 events):
Event: 1.904 Thread 0x0000000002bf2800 Implicit null exception at 0x0000000003382bd7 to 0x0000000003383e75
Event: 2.031 Thread 0x0000000002bf2800 Implicit null exception at 0x0000000003442a37 to 0x0000000003442c81
Event: 2.283 Thread 0x0000000002bf2800 Implicit null exception at 0x00000000035822e0 to 0x000000000358285d
Event: 2.642 Thread 0x0000000002bf2800 Implicit null exception at 0x0000000002f5f595 to 0x0000000002f5f76d
Event: 2.643 Thread 0x0000000002bf2800 Implicit null exception at 0x00000000030a13af to 0x00000000030a1419
Event: 3.341 Thread 0x0000000002bf2800 Exception <a 'java/lang/ClassNotFoundException': com/sun/tools/javac/api/JavacTool> (0x00000000f8877e50) thrown at [C:\re\workspace\8-2-build-windows-amd64-cygwin\jdk8u201\12322\hotspot\src\share\vm\classfile\systemDictionary.cpp, line 210]
Event: 3.769 Thread 0x0000000002bf2800 Exception <a 'java/io/FileNotFoundException'> (0x00000000f64ff1f8) thrown at [C:\re\workspace\8-2-build-windows-amd64-cygwin\jdk8u201\12322\hotspot\src\share\vm\prims\jni.cpp, line 709]
Event: 3.772 Thread 0x0000000002bf2800 Exception <a 'java/io/FileNotFoundException'> (0x00000000f6533d80) thrown at [C:\re\workspace\8-2-build-windows-amd64-cygwin\jdk8u201\12322\hotspot\src\share\vm\prims\jni.cpp, line 709]
Event: 4.499 Thread 0x0000000002bf2800 Implicit null exception at 0x000000000342f7b1 to 0x000000000342fbc5
Event: 4.502 Thread 0x0000000002bf2800 Implicit null exception at 0x00000000033b95d5 to 0x00000000033b97d5

Events (10 events):
Event: 4.585 Thread 0x0000000002bf2800 DEOPT PACKING pc=0x00000000036dbef4 sp=0x000000000280cad0
Event: 4.585 Thread 0x0000000002bf2800 DEOPT UNPACKING pc=0x0000000002d3583b sp=0x000000000280ca70 mode 2
Event: 4.599 loading class java/util/Vector$1
Event: 4.599 loading class java/util/Vector$1 done
Event: 4.601 Thread 0x0000000002bf2800 Uncommon trap: trap_request=0xffffff65 fr.pc=0x0000000003b8c798
Event: 4.601 Thread 0x0000000002bf2800 DEOPT PACKING pc=0x0000000003b8c798 sp=0x000000000280d2e0
Event: 4.601 Thread 0x0000000002bf2800 DEOPT UNPACKING pc=0x0000000002d3583b sp=0x000000000280d218 mode 2
Event: 4.601 Thread 0x0000000002bf2800 Uncommon trap: trap_request=0xffffff65 fr.pc=0x0000000003b81260
Event: 4.601 Thread 0x0000000002bf2800 DEOPT PACKING pc=0x0000000003b81260 sp=0x000000000280d250
Event: 4.601 Thread 0x0000000002bf2800 DEOPT UNPACKING pc=0x0000000002d3583b sp=0x000000000280d200 mode 2


Dynamic libraries:
0x00007ff78ca00000 - 0x00007ff78ca37000 	C:\Program Files\Java\jdk1.8.0_201\bin\java.exe
0x00007ff9db560000 - 0x00007ff9db750000 	C:\Windows\SYSTEM32\ntdll.dll
0x00007ff9dae40000 - 0x00007ff9daef2000 	C:\Windows\System32\KERNEL32.DLL
0x00007ff9d8fc0000 - 0x00007ff9d9265000 	C:\Windows\System32\KERNELBASE.dll
0x00007ff9dac40000 - 0x00007ff9dace3000 	C:\Windows\System32\ADVAPI32.dll
0x00007ff9da340000 - 0x00007ff9da3de000 	C:\Windows\System32\msvcrt.dll
0x00007ff9da9c0000 - 0x00007ff9daa57000 	C:\Windows\System32\sechost.dll
0x00007ff9d9f10000 - 0x00007ff9da02f000 	C:\Windows\System32\RPCRT4.dll
0x00007ff9d9610000 - 0x00007ff9d97a4000 	C:\Windows\System32\USER32.dll
0x00007ff9d8e90000 - 0x00007ff9d8eb1000 	C:\Windows\System32\win32u.dll
0x00007ff9db4f0000 - 0x00007ff9db516000 	C:\Windows\System32\GDI32.dll
0x00007ff9d9270000 - 0x00007ff9d9408000 	C:\Windows\System32\gdi32full.dll
0x00007ff9d8cb0000 - 0x00007ff9d8d4e000 	C:\Windows\System32\msvcp_win.dll
0x00007ff9d8ec0000 - 0x00007ff9d8fba000 	C:\Windows\System32\ucrtbase.dll
0x00007ff9c4bd0000 - 0x00007ff9c4e54000 	C:\Windows\WinSxS\amd64_microsoft.windows.common-controls_6595b64144ccf1df_6.0.18362.1556_none_9e7e372fe45e41d5\COMCTL32.dll
0x00007ff9db0e0000 - 0x00007ff9db416000 	C:\Windows\System32\combase.dll
0x00007ff9d8d50000 - 0x00007ff9d8dd1000 	C:\Windows\System32\bcryptPrimitives.dll
0x00007ff9dac10000 - 0x00007ff9dac3e000 	C:\Windows\System32\IMM32.DLL
0x000000005cce0000 - 0x000000005cdb1000 	C:\Program Files\Java\jdk1.8.0_201\jre\bin\msvcr100.dll
0x000000005c430000 - 0x000000005ccd4000 	C:\Program Files\Java\jdk1.8.0_201\jre\bin\server\jvm.dll
0x00007ff9d97b0000 - 0x00007ff9d97b8000 	C:\Windows\System32\PSAPI.DLL
0x00007ff9d6390000 - 0x00007ff9d63b4000 	C:\Windows\SYSTEM32\WINMM.dll
0x00007ff9b9490000 - 0x00007ff9b9499000 	C:\Windows\SYSTEM32\WSOCK32.dll
0x00007ff9d7ff0000 - 0x00007ff9d7ffa000 	C:\Windows\SYSTEM32\VERSION.dll
0x00007ff9da170000 - 0x00007ff9da1df000 	C:\Windows\System32\WS2_32.dll
0x00007ff9d5f10000 - 0x00007ff9d5f3d000 	C:\Windows\SYSTEM32\WINMMBASE.dll
0x00007ff9d95a0000 - 0x00007ff9d95ea000 	C:\Windows\System32\cfgmgr32.dll
0x00007ff9d3160000 - 0x00007ff9d316f000 	C:\Program Files\Java\jdk1.8.0_201\jre\bin\verify.dll
0x00007ff9c3180000 - 0x00007ff9c31a9000 	C:\Program Files\Java\jdk1.8.0_201\jre\bin\java.dll
0x00007ff9c3160000 - 0x00007ff9c3176000 	C:\Program Files\Java\jdk1.8.0_201\jre\bin\zip.dll
0x00007ff9d9820000 - 0x00007ff9d9f07000 	C:\Windows\System32\SHELL32.dll
0x00007ff9daf00000 - 0x00007ff9dafa8000 	C:\Windows\System32\shcore.dll
0x00007ff9d84d0000 - 0x00007ff9d8c4b000 	C:\Windows\System32\windows.storage.dll
0x00007ff9d84b0000 - 0x00007ff9d84ce000 	C:\Windows\System32\profapi.dll
0x00007ff9d8460000 - 0x00007ff9d84aa000 	C:\Windows\System32\powrprof.dll
0x00007ff9d8410000 - 0x00007ff9d8420000 	C:\Windows\System32\UMPDC.dll
0x00007ff9d97c0000 - 0x00007ff9d9812000 	C:\Windows\System32\shlwapi.dll
0x00007ff9d8420000 - 0x00007ff9d8431000 	C:\Windows\System32\kernel.appcore.dll
0x00007ff9d95f0000 - 0x00007ff9d9607000 	C:\Windows\System32\cryptsp.dll
0x00007ff9d7760000 - 0x00007ff9d7793000 	C:\Windows\system32\rsaenh.dll
0x00007ff9d9570000 - 0x00007ff9d9596000 	C:\Windows\System32\bcrypt.dll
0x00007ff9d8300000 - 0x00007ff9d8325000 	C:\Windows\SYSTEM32\USERENV.dll
0x00007ff9d7db0000 - 0x00007ff9d7dbc000 	C:\Windows\SYSTEM32\CRYPTBASE.dll
0x00007ff9bfb50000 - 0x00007ff9bfb6a000 	C:\Program Files\Java\jdk1.8.0_201\jre\bin\net.dll
0x00007ff9ce060000 - 0x00007ff9ce237000 	C:\Windows\SYSTEM32\urlmon.dll
0x00007ff9c91f0000 - 0x00007ff9c9497000 	C:\Windows\SYSTEM32\iertutil.dll
0x00007ff9d7be0000 - 0x00007ff9d7c47000 	C:\Windows\system32\mswsock.dll
0x00007ff9d78f0000 - 0x00007ff9d792a000 	C:\Windows\SYSTEM32\IPHLPAPI.DLL
0x00007ff9db020000 - 0x00007ff9db028000 	C:\Windows\System32\NSI.dll
0x00007ff9cfac0000 - 0x00007ff9cfad6000 	C:\Windows\SYSTEM32\dhcpcsvc6.DLL
0x00007ff9cfaa0000 - 0x00007ff9cfabc000 	C:\Windows\SYSTEM32\dhcpcsvc.DLL
0x00007ff9d7930000 - 0x00007ff9d79fb000 	C:\Windows\SYSTEM32\DNSAPI.dll
0x00007ff9bfb30000 - 0x00007ff9bfb41000 	C:\Program Files\Java\jdk1.8.0_201\jre\bin\nio.dll
0x00007ff9c4450000 - 0x00007ff9c445a000 	C:\Users\Administrator\AppData\Local\Temp\jansi-1.17.1-5281909234016695532.dll
0x00007ff9c3150000 - 0x00007ff9c315a000 	C:\Users\Administrator\AppData\Local\Temp\jansi-1.17.1-2041562117696643769.dll
0x00007ff9c4f10000 - 0x00007ff9c5104000 	C:\Windows\SYSTEM32\dbghelp.dll

VM Arguments:
jvm_args: -Dmaven.multiModuleProjectDirectory=E:\环境\IDEATest\springbootplus\Vaccination-return-visit -Xms256m -Xmx512m -Dmaven.home=D:\tools\apache-maven-3.8.1 -Dclassworlds.conf=D:\tools\apache-maven-3.8.1\bin\m2.conf -Dmaven.ext.class.path=E:\IntelliJ IDEA 2021.1\plugins\maven\lib\maven-event-listener.jar -Dfile.encoding=UTF-8 
java_command: org.codehaus.classworlds.Launcher -Didea.version=2021.1 -s D:\tools\apache-maven-3.8.1\conf\settings.xml -Dmaven.repo.local=D:\mave3.8.1repository install
java_class_path (initial): D:\tools\apache-maven-3.8.1\boot\plexus-classworlds-2.6.0.jar;D:\tools\apache-maven-3.8.1\boot\plexus-classworlds.license
Launcher Type: SUN_STANDARD

Environment Variables:
JAVA_HOME=C:\Program Files\Java\jdk-9.0.4
CLASSPATH=.;C:\Program Files\Java\jdk-9.0.4\lib\dt.jar;C:\Program Files\Java\jdk-9.0.4\lib\tools.jar;
PATH=C:\Program Files (x86)\VMware\VMware Workstation\bin\;C:\Program Files (x86)\Razer Chroma SDK\bin;C:\Program Files\Razer Chroma SDK\bin;C:\Program Files (x86)\Razer\ChromaBroadcast\bin;C:\Program Files\Razer\ChromaBroadcast\bin;C:\ProgramData\Oracle\Java\javapath;C:\Program Files (x86)\Common Files\Oracle\Java\javapath;C:\Windows\system32;C:\Windows;C:\Windows\System32\Wbem;C:\Windows\System32\WindowsPowerShell\v1.0\;C:\Windows\System32\OpenSSH\;C:\Program Files\VisualSVN Server\bin;C:\Program Files\TortoiseSVN\bin;C:\Program Files\TortoiseGit\bin;C:\Program Files\Java\jdk1.8.0_201\bin;C:\Program Files\Java\jdk1.8.0_201\jre\bin;C:\Program Files\MongoDB\Server\3.4\bin;C:\Program Files\Git\cmd;C:\Program Files\neo4j-community-3.5.27\bin;C:\Windows\system32\config\systemprofile\AppData\Local\Microsoft\WindowsApps;C:\Program Files\NVIDIA Corporation\NVIDIA NvDLISR;C:\Program Files (x86)\NVIDIA Corporation\PhysX\Common;D:\tools\apache-maven-3.8.1\bin;C:\Program Files\Redis\;C:\Program Files (x86)\NetSarang\Xshell 7\;C:\Program Files\nodejs\;C:\Users\Administrator\AppData\Local\Microsoft\WindowsApps;C:\Users\Administrator\AppData\Local\GitHubDesktop\bin;C:\Users\Administrator\AppData\Roaming\npm
USERNAME=Administrator
OS=Windows_NT
PROCESSOR_IDENTIFIER=Intel64 Family 6 Model 158 Stepping 10, GenuineIntel



---------------  S Y S T E M  ---------------

OS: Windows 10.0 , 64 bit Build 18362 (10.0.18362.1500)

CPU:total 8 (initial active 8) (4 cores per cpu, 2 threads per core) family 6 model 158 stepping 10, cmov, cx8, fxsr, mmx, sse, sse2, sse3, ssse3, sse4.1, sse4.2, popcnt, avx, avx2, aes, clmul, erms, 3dnowpref, lzcnt, ht, tsc, tscinvbit, bmi1, bmi2, adx

Memory: 4k page, physical 16615136k(6883868k free), swap 33392352k(19084832k free)

vm_info: Java HotSpot(TM) 64-Bit Server VM (25.201-b09) for windows-amd64 JRE (1.8.0_201-b09), built on Dec 15 2018 18:36:39 by "java_re" with MS VC++ 10.0 (VS2010)

time: Tue Jun 01 15:15:02 2021
timezone: 中国标准时间
elapsed time: 4 seconds (0d 0h 0m 4s)

