#
# A fatal error has been detected by the Java Runtime Environment:
#
#  EXCEPTION_ACCESS_VIOLATION (0xc0000005) at pc=0x0000000066c38e90, pid=18912, tid=17676
#
# JRE version: Java(TM) SE Runtime Environment (9.0+11) (build 9.0.4+11)
# Java VM: Java HotSpot(TM) 64-Bit Server VM (9.0.4+11, mixed mode, tiered, compressed oops, g1 gc, windows-amd64)
# Problematic frame:
# V  [jvm.dll+0x528e90]
#
# No core dump will be written. Minidumps are not enabled by default on client versions of Windows
#
# If you would like to submit a bug report, please visit:
#   http://bugreport.java.com/bugreport/crash.jsp
#

---------------  S U M M A R Y ------------

Command Line: -Dmaven.multiModuleProjectDirectory=E:\»·¾³\IDEATest\springbootplus\Vaccination-return-visit -Xms256m -Xmx512m -Dmaven.home=D:\tools\apache-maven-3.8.1 -Dclassworlds.conf=D:\tools\apache-maven-3.8.1\bin\m2.conf -Dmaven.ext.class.path=E:\IntelliJ IDEA 2021.1\plugins\maven\lib\maven-event-listener.jar -Dfile.encoding=UTF-8 org.codehaus.classworlds.Launcher -Didea.version=2021.1 -s D:\tools\apache-maven-3.8.1\conf\settings.xml -Dmaven.repo.local=D:\mave3.8.1repository install

Host: Intel(R) Core(TM) i5-8300H CPU @ 2.30GHz, 8 cores, 15G,  Windows 10 , 64 bit Build 19041 (10.0.19041.1)
Time: Wed Jun 23 16:11:13 2021 ?D1¨²¡À¨º¡Á?¨º¡À?? elapsed time: 7 seconds (0d 0h 0m 7s)

---------------  T H R E A D  ---------------

Current thread (0x000002a7a138a000):  JavaThread "C2 CompilerThread1" daemon [_thread_in_native, id=17676, stack(0x000000d3ad200000,0x000000d3ad300000)]


Current CompileTask:
C2:   7907 4730   !   4       org.apache.maven.model.ModelBase::clone (397 bytes)

Stack: [0x000000d3ad200000,0x000000d3ad300000],  sp=0x000000d3ad2fc230,  free space=1008k
Native frames: (J=compiled Java code, j=interpreted, Vv=VM code, C=native code)


siginfo: EXCEPTION_ACCESS_VIOLATION (0xc0000005), reading address 0xffffffffffffffff


Register to memory mapping:

RIP=0x0000000066c38e90 jvm.dll
RAX=0x0004000000000000 is an unknown value
RBX=0x0000000000000248 is an unknown value
RCX=0x000002a7a3aed018 is an unknown value
RDX=0x0000000000000000 is an unknown value
RSP=0x000000d3ad2fc230 is pointing into the stack for thread: 0x000002a7a138a000
RBP=0x0000000000000000 is an unknown value
RSI=0xfffffffffffffff8 is an unknown value
RDI=0x0000000000000000 is an unknown value
R8 =0x00000000000001b8 is an unknown value
R9 =0x00000000000001b8 is an unknown value
R10=0x000002a7a3aed0a8 is an unknown value
R11=0x000002a7a39fdb30 is an unknown value
R12=0x0000000000000000 is an unknown value
R13=0x000000d3ad2fc720 is pointing into the stack for thread: 0x000002a7a138a000
R14=0x000002a7a3151df8 is an unknown value
R15=0x000002a7a3aed018 is an unknown value


Registers:
RAX=0x0004000000000000, RBX=0x0000000000000248, RCX=0x000002a7a3aed018, RDX=0x0000000000000000
RSP=0x000000d3ad2fc230, RBP=0x0000000000000000, RSI=0xfffffffffffffff8, RDI=0x0000000000000000
R8 =0x00000000000001b8, R9 =0x00000000000001b8, R10=0x000002a7a3aed0a8, R11=0x000002a7a39fdb30
R12=0x0000000000000000, R13=0x000000d3ad2fc720, R14=0x000002a7a3151df8, R15=0x000002a7a3aed018
RIP=0x0000000066c38e90, EFLAGS=0x0000000000010206

Top of Stack: (sp=0x000000d3ad2fc230)
0x000000d3ad2fc230:   00000000000001b8 fffffffffffffff8
0x000000d3ad2fc240:   000002a7a5ef2f90 000002a7a5ef8e68
0x000000d3ad2fc250:   000002a7a55b3810 0000000066c3917b
0x000000d3ad2fc260:   0000000000000001 0000000000000000
0x000000d3ad2fc270:   0000000000000000 0000000000000000
0x000000d3ad2fc280:   000002a7a3aed018 0000000000000020
0x000000d3ad2fc290:   000002a7a3aecdb8 fffffffffffffff8
0x000000d3ad2fc2a0:   0000000000000002 000002a7a3151df8
0x000000d3ad2fc2b0:   000000d3ad2fc720 0000000000000000
0x000000d3ad2fc2c0:   0000000000000000 000000d3ad2fc328
0x000000d3ad2fc2d0:   000002a7a3151df8 0000000066c39819
0x000000d3ad2fc2e0:   000000d3ad2fc720 000002a7a3151df8
0x000000d3ad2fc2f0:   000002a700000005 000002a700000248
0x000000d3ad2fc300:   000002a7a5d15d70 000002a7a5dbda60
0x000000d3ad2fc310:   000002a7a5d06fe0 000002a7a13141b0
0x000000d3ad2fc320:   0000000000000058 000002a7a2b352c0 

Instructions: (pc=0x0000000066c38e90)
0x0000000066c38e70:   88 00 00 00 49 8b cf 49 89 47 60 49 8b 07 ff 90
0x0000000066c38e80:   88 00 00 00 48 8b 74 24 68 48 85 c0 74 0e 66 90
0x0000000066c38e90:   4c 89 70 38 48 8b 00 48 85 c0 75 f4 49 8b 46 30
0x0000000066c38ea0:   49 8b cf 49 89 47 58 49 8b 07 ff 90 c8 00 00 00 



---------------  P R O C E S S  ---------------

Java Threads: ( => current thread )
  0x000002a7a173b800 JavaThread "Service Thread" daemon [_thread_blocked, id=3988, stack(0x000000d3ad700000,0x000000d3ad800000)]
  0x000002a7a15e3000 JavaThread "Common-Cleaner" daemon [_thread_blocked, id=21244, stack(0x000000d3ad600000,0x000000d3ad700000)]
  0x000002a7a13ac000 JavaThread "Sweeper thread" daemon [_thread_blocked, id=21132, stack(0x000000d3ad500000,0x000000d3ad600000)]
  0x000002a7a13a3000 JavaThread "C1 CompilerThread3" daemon [_thread_blocked, id=17736, stack(0x000000d3ad400000,0x000000d3ad500000)]
  0x000002a7a1396800 JavaThread "C2 CompilerThread2" daemon [_thread_blocked, id=19492, stack(0x000000d3ad300000,0x000000d3ad400000)]
=>0x000002a7a138a000 JavaThread "C2 CompilerThread1" daemon [_thread_in_native, id=17676, stack(0x000000d3ad200000,0x000000d3ad300000)]
  0x000002a7a1389000 JavaThread "C2 CompilerThread0" daemon [_thread_blocked, id=8008, stack(0x000000d3ad100000,0x000000d3ad200000)]
  0x000002a7a1384800 JavaThread "Attach Listener" daemon [_thread_blocked, id=18860, stack(0x000000d3ad000000,0x000000d3ad100000)]
  0x000002a7a1383800 JavaThread "Signal Dispatcher" daemon [_thread_blocked, id=19416, stack(0x000000d3acf00000,0x000000d3ad000000)]
  0x000002a7a1320000 JavaThread "Finalizer" daemon [_thread_blocked, id=20776, stack(0x000000d3ace00000,0x000000d3acf00000)]
  0x000002a7a1316000 JavaThread "Reference Handler" daemon [_thread_blocked, id=6220, stack(0x000000d3acd00000,0x000000d3ace00000)]
  0x000002a781024000 JavaThread "main" [_thread_in_native, id=1748, stack(0x000000d3ab700000,0x000000d3ab800000)]

Other Threads:
  0x000002a7a130d800 VMThread "VM Thread" [stack: 0x000000d3acc00000,0x000000d3acd00000] [id=19072]
  0x000002a7a173e800 WatcherThread [stack: 0x000000d3ad800000,0x000000d3ad900000] [id=21484]
  0x000002a78103b000 GCTaskThread "GC Thread#0" [stack: 0x000000d3ab800000,0x000000d3ab900000] [id=20492]
  0x000002a78103c800 GCTaskThread "GC Thread#1" [stack: 0x000000d3ab900000,0x000000d3aba00000] [id=20140]
  0x000002a78103f000 GCTaskThread "GC Thread#2" [stack: 0x000000d3aba00000,0x000000d3abb00000] [id=3872]
  0x000002a781043800 GCTaskThread "GC Thread#3" [stack: 0x000000d3abb00000,0x000000d3abc00000] [id=20912]
  0x000002a781047000 GCTaskThread "GC Thread#4" [stack: 0x000000d3abc00000,0x000000d3abd00000] [id=9520]
  0x000002a781046800 GCTaskThread "GC Thread#5" [stack: 0x000000d3abd00000,0x000000d3abe00000] [id=21280]
  0x000002a781044800 GCTaskThread "GC Thread#6" [stack: 0x000000d3abe00000,0x000000d3abf00000] [id=14944]
  0x000002a781048000 GCTaskThread "GC Thread#7" [stack: 0x000000d3abf00000,0x000000d3ac000000] [id=17668]
  0x000002a781098800 ConcurrentGCThread "G1 Main Marker" [stack: 0x000000d3ac900000,0x000000d3aca00000] [id=15640]
  0x000002a781042800 ConcurrentGCThread "G1 Marker#0" [stack: 0x000000d3aca00000,0x000000d3acb00000] [id=11372]
  0x000002a781045800 ConcurrentGCThread "G1 Marker#1" [stack: 0x000000d3acb00000,0x000000d3acc00000] [id=6916]
  0x000002a781076800 ConcurrentGCThread "G1 Refine#0" [stack: 0x000000d3ac700000,0x000000d3ac800000] [id=20896]
  0x000002a78106d800 ConcurrentGCThread "G1 Refine#1" [stack: 0x000000d3ac600000,0x000000d3ac700000] [id=12784]
  0x000002a781068800 ConcurrentGCThread "G1 Refine#2" [stack: 0x000000d3ac500000,0x000000d3ac600000] [id=14868]
  0x000002a781067800 ConcurrentGCThread "G1 Refine#3" [stack: 0x000000d3ac400000,0x000000d3ac500000] [id=19872]
  0x000002a78105e800 ConcurrentGCThread "G1 Refine#4" [stack: 0x000000d3ac300000,0x000000d3ac400000] [id=12684]
  0x000002a78105b800 ConcurrentGCThread "G1 Refine#5" [stack: 0x000000d3ac200000,0x000000d3ac300000] [id=19164]
  0x000002a78105a800 ConcurrentGCThread "G1 Refine#6" [stack: 0x000000d3ac100000,0x000000d3ac200000] [id=16760]
  0x000002a781059800 ConcurrentGCThread "G1 Refine#7" [stack: 0x000000d3ac000000,0x000000d3ac100000] [id=17948]
  0x000002a781077800 ConcurrentGCThread "G1 Young RemSet Sampling" [stack: 0x000000d3ac800000,0x000000d3ac900000] [id=19932]

Threads with active compile tasks:
C2 CompilerThread14730   !   4       org.apache.maven.model.ModelBase::clone (397 bytes)

VM state:not at safepoint (normal execution)

VM Mutex/Monitor currently owned by a thread: None

Heap address: 0x00000000e0000000, size: 512 MB, Compressed Oops mode: 32-bit
Narrow klass base: 0x0000000000000000, Narrow klass shift: 3
Compressed class space size: 1073741824 Address: 0x0000000100000000

Heap:
 garbage-first heap   total 262144K, used 103099K [0x00000000e0000000, 0x00000000e0100800, 0x0000000100000000)
  region size 1024K, 96 young (98304K), 20 survivors (20480K)
 Metaspace       used 23854K, capacity 24640K, committed 24960K, reserved 1071104K
  class space    used 2391K, capacity 2570K, committed 2688K, reserved 1048576K
Heap Regions: E=young(eden), S=young(survivor), O=old, HS=humongous(starts), HC=humongous(continues), CS=collection set, F=free, A=archive, TS=gc time stamp, AC=allocation context, TAMS=top-at-mark-start (previous, next)
|   0|0x00000000e0000000, 0x00000000e0100000, 0x00000000e0100000|100%| O|  |TS  0|AC  0|TAMS 0x00000000e0100000, 0x00000000e0100000|
|   1|0x00000000e0100000, 0x00000000e0100000, 0x00000000e0200000|  0%| F|  |TS  0|AC  0|TAMS 0x00000000e0100000, 0x00000000e0100000|
|   2|0x00000000e0200000, 0x00000000e0200000, 0x00000000e0300000|  0%| F|  |TS  0|AC  0|TAMS 0x00000000e0200000, 0x00000000e0200000|
|   3|0x00000000e0300000, 0x00000000e0400000, 0x00000000e0400000|100%| O|  |TS  0|AC  0|TAMS 0x00000000e0400000, 0x00000000e0400000|
|   4|0x00000000e0400000, 0x00000000e0500000, 0x00000000e0500000|100%| O|  |TS  0|AC  0|TAMS 0x00000000e0500000, 0x00000000e0500000|
|   5|0x00000000e0500000, 0x00000000e0600000, 0x00000000e0600000|100%| O|  |TS  0|AC  0|TAMS 0x00000000e0600000, 0x00000000e0600000|
|   6|0x00000000e0600000, 0x00000000e0700000, 0x00000000e0700000|100%| O|  |TS  0|AC  0|TAMS 0x00000000e0700000, 0x00000000e0700000|
|   7|0x00000000e0700000, 0x00000000e07e2400, 0x00000000e0800000| 88%| O|  |TS  1|AC  0|TAMS 0x00000000e07e2400, 0x00000000e07e2400|
|   8|0x00000000e0800000, 0x00000000e0800000, 0x00000000e0900000|  0%| F|  |TS  0|AC  0|TAMS 0x00000000e0800000, 0x00000000e0800000|
|   9|0x00000000e0900000, 0x00000000e0900000, 0x00000000e0a00000|  0%| F|  |TS  0|AC  0|TAMS 0x00000000e0900000, 0x00000000e0900000|
|  10|0x00000000e0a00000, 0x00000000e0a00000, 0x00000000e0b00000|  0%| F|  |TS  0|AC  0|TAMS 0x00000000e0a00000, 0x00000000e0a00000|
|  11|0x00000000e0b00000, 0x00000000e0b00000, 0x00000000e0c00000|  0%| F|  |TS  0|AC  0|TAMS 0x00000000e0b00000, 0x00000000e0b00000|
|  12|0x00000000e0c00000, 0x00000000e0c00000, 0x00000000e0d00000|  0%| F|  |TS  0|AC  0|TAMS 0x00000000e0c00000, 0x00000000e0c00000|
|  13|0x00000000e0d00000, 0x00000000e0d00000, 0x00000000e0e00000|  0%| F|  |TS  0|AC  0|TAMS 0x00000000e0d00000, 0x00000000e0d00000|
|  14|0x00000000e0e00000, 0x00000000e0e00000, 0x00000000e0f00000|  0%| F|  |TS  0|AC  0|TAMS 0x00000000e0e00000, 0x00000000e0e00000|
|  15|0x00000000e0f00000, 0x00000000e0f00000, 0x00000000e1000000|  0%| F|  |TS  0|AC  0|TAMS 0x00000000e0f00000, 0x00000000e0f00000|
|  16|0x00000000e1000000, 0x00000000e1000000, 0x00000000e1100000|  0%| F|  |TS  0|AC  0|TAMS 0x00000000e1000000, 0x00000000e1000000|
|  17|0x00000000e1100000, 0x00000000e1100000, 0x00000000e1200000|  0%| F|  |TS  0|AC  0|TAMS 0x00000000e1100000, 0x00000000e1100000|
|  18|0x00000000e1200000, 0x00000000e1200000, 0x00000000e1300000|  0%| F|  |TS  0|AC  0|TAMS 0x00000000e1200000, 0x00000000e1200000|
|  19|0x00000000e1300000, 0x00000000e1300000, 0x00000000e1400000|  0%| F|  |TS  0|AC  0|TAMS 0x00000000e1300000, 0x00000000e1300000|
|  20|0x00000000e1400000, 0x00000000e1400000, 0x00000000e1500000|  0%| F|  |TS  0|AC  0|TAMS 0x00000000e1400000, 0x00000000e1400000|
|  21|0x00000000e1500000, 0x00000000e1500000, 0x00000000e1600000|  0%| F|  |TS  0|AC  0|TAMS 0x00000000e1500000, 0x00000000e1500000|
|  22|0x00000000e1600000, 0x00000000e1600000, 0x00000000e1700000|  0%| F|  |TS  0|AC  0|TAMS 0x00000000e1600000, 0x00000000e1600000|
|  23|0x00000000e1700000, 0x00000000e1700000, 0x00000000e1800000|  0%| F|  |TS  0|AC  0|TAMS 0x00000000e1700000, 0x00000000e1700000|
|  24|0x00000000e1800000, 0x00000000e1800000, 0x00000000e1900000|  0%| F|  |TS  0|AC  0|TAMS 0x00000000e1800000, 0x00000000e1800000|
|  25|0x00000000e1900000, 0x00000000e1900000, 0x00000000e1a00000|  0%| F|  |TS  0|AC  0|TAMS 0x00000000e1900000, 0x00000000e1900000|
|  26|0x00000000e1a00000, 0x00000000e1a00000, 0x00000000e1b00000|  0%| F|  |TS  0|AC  0|TAMS 0x00000000e1a00000, 0x00000000e1a00000|
|  27|0x00000000e1b00000, 0x00000000e1b00000, 0x00000000e1c00000|  0%| F|  |TS  0|AC  0|TAMS 0x00000000e1b00000, 0x00000000e1b00000|
|  28|0x00000000e1c00000, 0x00000000e1c00000, 0x00000000e1d00000|  0%| F|  |TS  0|AC  0|TAMS 0x00000000e1c00000, 0x00000000e1c00000|
|  29|0x00000000e1d00000, 0x00000000e1d00000, 0x00000000e1e00000|  0%| F|  |TS  0|AC  0|TAMS 0x00000000e1d00000, 0x00000000e1d00000|
|  30|0x00000000e1e00000, 0x00000000e1e00000, 0x00000000e1f00000|  0%| F|  |TS  0|AC  0|TAMS 0x00000000e1e00000, 0x00000000e1e00000|
|  31|0x00000000e1f00000, 0x00000000e1f00000, 0x00000000e2000000|  0%| F|  |TS  0|AC  0|TAMS 0x00000000e1f00000, 0x00000000e1f00000|
|  32|0x00000000e2000000, 0x00000000e2000000, 0x00000000e2100000|  0%| F|  |TS  0|AC  0|TAMS 0x00000000e2000000, 0x00000000e2000000|
|  33|0x00000000e2100000, 0x00000000e2100000, 0x00000000e2200000|  0%| F|  |TS  0|AC  0|TAMS 0x00000000e2100000, 0x00000000e2100000|
|  34|0x00000000e2200000, 0x00000000e2200000, 0x00000000e2300000|  0%| F|  |TS  0|AC  0|TAMS 0x00000000e2200000, 0x00000000e2200000|
|  35|0x00000000e2300000, 0x00000000e2300000, 0x00000000e2400000|  0%| F|  |TS  0|AC  0|TAMS 0x00000000e2300000, 0x00000000e2300000|
|  36|0x00000000e2400000, 0x00000000e2400000, 0x00000000e2500000|  0%| F|  |TS  0|AC  0|TAMS 0x00000000e2400000, 0x00000000e2400000|
|  37|0x00000000e2500000, 0x00000000e2500000, 0x00000000e2600000|  0%| F|  |TS  0|AC  0|TAMS 0x00000000e2500000, 0x00000000e2500000|
|  38|0x00000000e2600000, 0x00000000e2600000, 0x00000000e2700000|  0%| F|  |TS  0|AC  0|TAMS 0x00000000e2600000, 0x00000000e2600000|
|  39|0x00000000e2700000, 0x00000000e2700000, 0x00000000e2800000|  0%| F|  |TS  0|AC  0|TAMS 0x00000000e2700000, 0x00000000e2700000|
|  40|0x00000000e2800000, 0x00000000e2800000, 0x00000000e2900000|  0%| F|  |TS  0|AC  0|TAMS 0x00000000e2800000, 0x00000000e2800000|
|  41|0x00000000e2900000, 0x00000000e2900000, 0x00000000e2a00000|  0%| F|  |TS  0|AC  0|TAMS 0x00000000e2900000, 0x00000000e2900000|
|  42|0x00000000e2a00000, 0x00000000e2a00000, 0x00000000e2b00000|  0%| F|  |TS  0|AC  0|TAMS 0x00000000e2a00000, 0x00000000e2a00000|
|  43|0x00000000e2b00000, 0x00000000e2b00000, 0x00000000e2c00000|  0%| F|  |TS  0|AC  0|TAMS 0x00000000e2b00000, 0x00000000e2b00000|
|  44|0x00000000e2c00000, 0x00000000e2c00000, 0x00000000e2d00000|  0%| F|  |TS  0|AC  0|TAMS 0x00000000e2c00000, 0x00000000e2c00000|
|  45|0x00000000e2d00000, 0x00000000e2d00000, 0x00000000e2e00000|  0%| F|  |TS  0|AC  0|TAMS 0x00000000e2d00000, 0x00000000e2d00000|
|  46|0x00000000e2e00000, 0x00000000e2e00000, 0x00000000e2f00000|  0%| F|  |TS  0|AC  0|TAMS 0x00000000e2e00000, 0x00000000e2e00000|
|  47|0x00000000e2f00000, 0x00000000e2f00000, 0x00000000e3000000|  0%| F|  |TS  0|AC  0|TAMS 0x00000000e2f00000, 0x00000000e2f00000|
|  48|0x00000000e3000000, 0x00000000e3000000, 0x00000000e3100000|  0%| F|  |TS  0|AC  0|TAMS 0x00000000e3000000, 0x00000000e3000000|
|  49|0x00000000e3100000, 0x00000000e3100000, 0x00000000e3200000|  0%| F|  |TS  0|AC  0|TAMS 0x00000000e3100000, 0x00000000e3100000|
|  50|0x00000000e3200000, 0x00000000e3200000, 0x00000000e3300000|  0%| F|  |TS  0|AC  0|TAMS 0x00000000e3200000, 0x00000000e3200000|
|  51|0x00000000e3300000, 0x00000000e3300000, 0x00000000e3400000|  0%| F|  |TS  0|AC  0|TAMS 0x00000000e3300000, 0x00000000e3300000|
|  52|0x00000000e3400000, 0x00000000e3400000, 0x00000000e3500000|  0%| F|  |TS  0|AC  0|TAMS 0x00000000e3400000, 0x00000000e3400000|
|  53|0x00000000e3500000, 0x00000000e3500000, 0x00000000e3600000|  0%| F|  |TS  0|AC  0|TAMS 0x00000000e3500000, 0x00000000e3500000|
|  54|0x00000000e3600000, 0x00000000e3600000, 0x00000000e3700000|  0%| F|  |TS  0|AC  0|TAMS 0x00000000e3600000, 0x00000000e3600000|
|  55|0x00000000e3700000, 0x00000000e3700000, 0x00000000e3800000|  0%| F|  |TS  0|AC  0|TAMS 0x00000000e3700000, 0x00000000e3700000|
|  56|0x00000000e3800000, 0x00000000e3800000, 0x00000000e3900000|  0%| F|  |TS  0|AC  0|TAMS 0x00000000e3800000, 0x00000000e3800000|
|  57|0x00000000e3900000, 0x00000000e3900000, 0x00000000e3a00000|  0%| F|  |TS  0|AC  0|TAMS 0x00000000e3900000, 0x00000000e3900000|
|  58|0x00000000e3a00000, 0x00000000e3a00000, 0x00000000e3b00000|  0%| F|  |TS  0|AC  0|TAMS 0x00000000e3a00000, 0x00000000e3a00000|
|  59|0x00000000e3b00000, 0x00000000e3b00000, 0x00000000e3c00000|  0%| F|  |TS  0|AC  0|TAMS 0x00000000e3b00000, 0x00000000e3b00000|
|  60|0x00000000e3c00000, 0x00000000e3c00000, 0x00000000e3d00000|  0%| F|  |TS  0|AC  0|TAMS 0x00000000e3c00000, 0x00000000e3c00000|
|  61|0x00000000e3d00000, 0x00000000e3d00000, 0x00000000e3e00000|  0%| F|  |TS  0|AC  0|TAMS 0x00000000e3d00000, 0x00000000e3d00000|
|  62|0x00000000e3e00000, 0x00000000e3e00000, 0x00000000e3f00000|  0%| F|  |TS  0|AC  0|TAMS 0x00000000e3e00000, 0x00000000e3e00000|
|  63|0x00000000e3f00000, 0x00000000e3f00000, 0x00000000e4000000|  0%| F|  |TS  0|AC  0|TAMS 0x00000000e3f00000, 0x00000000e3f00000|
|  64|0x00000000e4000000, 0x00000000e4000000, 0x00000000e4100000|  0%| F|  |TS  0|AC  0|TAMS 0x00000000e4000000, 0x00000000e4000000|
|  65|0x00000000e4100000, 0x00000000e4100000, 0x00000000e4200000|  0%| F|  |TS  0|AC  0|TAMS 0x00000000e4100000, 0x00000000e4100000|
|  66|0x00000000e4200000, 0x00000000e4200000, 0x00000000e4300000|  0%| F|  |TS  0|AC  0|TAMS 0x00000000e4200000, 0x00000000e4200000|
|  67|0x00000000e4300000, 0x00000000e4300000, 0x00000000e4400000|  0%| F|  |TS  0|AC  0|TAMS 0x00000000e4300000, 0x00000000e4300000|
|  68|0x00000000e4400000, 0x00000000e4400000, 0x00000000e4500000|  0%| F|  |TS  0|AC  0|TAMS 0x00000000e4400000, 0x00000000e4400000|
|  69|0x00000000e4500000, 0x00000000e4500000, 0x00000000e4600000|  0%| F|  |TS  0|AC  0|TAMS 0x00000000e4500000, 0x00000000e4500000|
|  70|0x00000000e4600000, 0x00000000e4600000, 0x00000000e4700000|  0%| F|  |TS  0|AC  0|TAMS 0x00000000e4600000, 0x00000000e4600000|
|  71|0x00000000e4700000, 0x00000000e4700000, 0x00000000e4800000|  0%| F|  |TS  0|AC  0|TAMS 0x00000000e4700000, 0x00000000e4700000|
|  72|0x00000000e4800000, 0x00000000e4800000, 0x00000000e4900000|  0%| F|  |TS  0|AC  0|TAMS 0x00000000e4800000, 0x00000000e4800000|
|  73|0x00000000e4900000, 0x00000000e4900000, 0x00000000e4a00000|  0%| F|  |TS  0|AC  0|TAMS 0x00000000e4900000, 0x00000000e4900000|
|  74|0x00000000e4a00000, 0x00000000e4a00000, 0x00000000e4b00000|  0%| F|  |TS  0|AC  0|TAMS 0x00000000e4a00000, 0x00000000e4a00000|
|  75|0x00000000e4b00000, 0x00000000e4b00000, 0x00000000e4c00000|  0%| F|  |TS  0|AC  0|TAMS 0x00000000e4b00000, 0x00000000e4b00000|
|  76|0x00000000e4c00000, 0x00000000e4c00000, 0x00000000e4d00000|  0%| F|  |TS  0|AC  0|TAMS 0x00000000e4c00000, 0x00000000e4c00000|
|  77|0x00000000e4d00000, 0x00000000e4d00000, 0x00000000e4e00000|  0%| F|  |TS  0|AC  0|TAMS 0x00000000e4d00000, 0x00000000e4d00000|
|  78|0x00000000e4e00000, 0x00000000e4e00000, 0x00000000e4f00000|  0%| F|  |TS  0|AC  0|TAMS 0x00000000e4e00000, 0x00000000e4e00000|
|  79|0x00000000e4f00000, 0x00000000e4f00000, 0x00000000e5000000|  0%| F|  |TS  0|AC  0|TAMS 0x00000000e4f00000, 0x00000000e4f00000|
|  80|0x00000000e5000000, 0x00000000e5000000, 0x00000000e5100000|  0%| F|  |TS  0|AC  0|TAMS 0x00000000e5000000, 0x00000000e5000000|
|  81|0x00000000e5100000, 0x00000000e5100000, 0x00000000e5200000|  0%| F|  |TS  0|AC  0|TAMS 0x00000000e5100000, 0x00000000e5100000|
|  82|0x00000000e5200000, 0x00000000e5200000, 0x00000000e5300000|  0%| F|  |TS  0|AC  0|TAMS 0x00000000e5200000, 0x00000000e5200000|
|  83|0x00000000e5300000, 0x00000000e53cc8d0, 0x00000000e5400000| 79%| S|CS|TS  1|AC  0|TAMS 0x00000000e5300000, 0x00000000e5300000|
|  84|0x00000000e5400000, 0x00000000e5500000, 0x00000000e5500000|100%| S|CS|TS  1|AC  0|TAMS 0x00000000e5400000, 0x00000000e5400000|
|  85|0x00000000e5500000, 0x00000000e5600000, 0x00000000e5600000|100%| S|CS|TS  1|AC  0|TAMS 0x00000000e5500000, 0x00000000e5500000|
|  86|0x00000000e5600000, 0x00000000e5700000, 0x00000000e5700000|100%| S|CS|TS  1|AC  0|TAMS 0x00000000e5600000, 0x00000000e5600000|
|  87|0x00000000e5700000, 0x00000000e5800000, 0x00000000e5800000|100%| S|CS|TS  1|AC  0|TAMS 0x00000000e5700000, 0x00000000e5700000|
|  88|0x00000000e5800000, 0x00000000e5900000, 0x00000000e5900000|100%| S|CS|TS  1|AC  0|TAMS 0x00000000e5800000, 0x00000000e5800000|
|  89|0x00000000e5900000, 0x00000000e5a00000, 0x00000000e5a00000|100%| S|CS|TS  1|AC  0|TAMS 0x00000000e5900000, 0x00000000e5900000|
|  90|0x00000000e5a00000, 0x00000000e5b00000, 0x00000000e5b00000|100%| S|CS|TS  1|AC  0|TAMS 0x00000000e5a00000, 0x00000000e5a00000|
|  91|0x00000000e5b00000, 0x00000000e5c00000, 0x00000000e5c00000|100%| S|CS|TS  1|AC  0|TAMS 0x00000000e5b00000, 0x00000000e5b00000|
|  92|0x00000000e5c00000, 0x00000000e5d00000, 0x00000000e5d00000|100%| S|CS|TS  1|AC  0|TAMS 0x00000000e5c00000, 0x00000000e5c00000|
|  93|0x00000000e5d00000, 0x00000000e5e00000, 0x00000000e5e00000|100%| S|CS|TS  1|AC  0|TAMS 0x00000000e5d00000, 0x00000000e5d00000|
|  94|0x00000000e5e00000, 0x00000000e5f00000, 0x00000000e5f00000|100%| S|CS|TS  1|AC  0|TAMS 0x00000000e5e00000, 0x00000000e5e00000|
|  95|0x00000000e5f00000, 0x00000000e6000000, 0x00000000e6000000|100%| S|CS|TS  1|AC  0|TAMS 0x00000000e5f00000, 0x00000000e5f00000|
|  96|0x00000000e6000000, 0x00000000e6100000, 0x00000000e6100000|100%| S|CS|TS  1|AC  0|TAMS 0x00000000e6000000, 0x00000000e6000000|
|  97|0x00000000e6100000, 0x00000000e6200000, 0x00000000e6200000|100%| S|CS|TS  1|AC  0|TAMS 0x00000000e6100000, 0x00000000e6100000|
|  98|0x00000000e6200000, 0x00000000e6300000, 0x00000000e6300000|100%| S|CS|TS  1|AC  0|TAMS 0x00000000e6200000, 0x00000000e6200000|
|  99|0x00000000e6300000, 0x00000000e6400000, 0x00000000e6400000|100%| S|CS|TS  1|AC  0|TAMS 0x00000000e6300000, 0x00000000e6300000|
| 100|0x00000000e6400000, 0x00000000e6500000, 0x00000000e6500000|100%| S|CS|TS  1|AC  0|TAMS 0x00000000e6400000, 0x00000000e6400000|
| 101|0x00000000e6500000, 0x00000000e6600000, 0x00000000e6600000|100%| S|CS|TS  1|AC  0|TAMS 0x00000000e6500000, 0x00000000e6500000|
| 102|0x00000000e6600000, 0x00000000e6700000, 0x00000000e6700000|100%| S|CS|TS  1|AC  0|TAMS 0x00000000e6600000, 0x00000000e6600000|
| 103|0x00000000e6700000, 0x00000000e6700000, 0x00000000e6800000|  0%| F|  |TS  1|AC  0|TAMS 0x00000000e6700000, 0x00000000e6700000|
| 104|0x00000000e6800000, 0x00000000e6800000, 0x00000000e6900000|  0%| F|  |TS  1|AC  0|TAMS 0x00000000e6800000, 0x00000000e6800000|
| 105|0x00000000e6900000, 0x00000000e6900000, 0x00000000e6a00000|  0%| F|  |TS  1|AC  0|TAMS 0x00000000e6900000, 0x00000000e6900000|
| 106|0x00000000e6a00000, 0x00000000e6a00000, 0x00000000e6b00000|  0%| F|  |TS  1|AC  0|TAMS 0x00000000e6a00000, 0x00000000e6a00000|
| 107|0x00000000e6b00000, 0x00000000e6b00000, 0x00000000e6c00000|  0%| F|  |TS  1|AC  0|TAMS 0x00000000e6b00000, 0x00000000e6b00000|
| 108|0x00000000e6c00000, 0x00000000e6c00000, 0x00000000e6d00000|  0%| F|  |TS  1|AC  0|TAMS 0x00000000e6c00000, 0x00000000e6c00000|
| 109|0x00000000e6d00000, 0x00000000e6d00000, 0x00000000e6e00000|  0%| F|  |TS  1|AC  0|TAMS 0x00000000e6d00000, 0x00000000e6d00000|
| 110|0x00000000e6e00000, 0x00000000e6e00000, 0x00000000e6f00000|  0%| F|  |TS  1|AC  0|TAMS 0x00000000e6e00000, 0x00000000e6e00000|
| 111|0x00000000e6f00000, 0x00000000e6f00000, 0x00000000e7000000|  0%| F|  |TS  1|AC  0|TAMS 0x00000000e6f00000, 0x00000000e6f00000|
| 112|0x00000000e7000000, 0x00000000e7000000, 0x00000000e7100000|  0%| F|  |TS  1|AC  0|TAMS 0x00000000e7000000, 0x00000000e7000000|
| 113|0x00000000e7100000, 0x00000000e7100000, 0x00000000e7200000|  0%| F|  |TS  1|AC  0|TAMS 0x00000000e7100000, 0x00000000e7100000|
| 114|0x00000000e7200000, 0x00000000e7200000, 0x00000000e7300000|  0%| F|  |TS  1|AC  0|TAMS 0x00000000e7200000, 0x00000000e7200000|
| 115|0x00000000e7300000, 0x00000000e7300000, 0x00000000e7400000|  0%| F|  |TS  1|AC  0|TAMS 0x00000000e7300000, 0x00000000e7300000|
| 116|0x00000000e7400000, 0x00000000e7400000, 0x00000000e7500000|  0%| F|  |TS  1|AC  0|TAMS 0x00000000e7400000, 0x00000000e7400000|
| 117|0x00000000e7500000, 0x00000000e7500000, 0x00000000e7600000|  0%| F|  |TS  1|AC  0|TAMS 0x00000000e7500000, 0x00000000e7500000|
| 118|0x00000000e7600000, 0x00000000e7600000, 0x00000000e7700000|  0%| F|  |TS  1|AC  0|TAMS 0x00000000e7600000, 0x00000000e7600000|
| 119|0x00000000e7700000, 0x00000000e7700000, 0x00000000e7800000|  0%| F|  |TS  1|AC  0|TAMS 0x00000000e7700000, 0x00000000e7700000|
| 120|0x00000000e7800000, 0x00000000e7800000, 0x00000000e7900000|  0%| F|  |TS  1|AC  0|TAMS 0x00000000e7800000, 0x00000000e7800000|
| 121|0x00000000e7900000, 0x00000000e7900000, 0x00000000e7a00000|  0%| F|  |TS  1|AC  0|TAMS 0x00000000e7900000, 0x00000000e7900000|
| 122|0x00000000e7a00000, 0x00000000e7a00000, 0x00000000e7b00000|  0%| F|  |TS  1|AC  0|TAMS 0x00000000e7a00000, 0x00000000e7a00000|
| 123|0x00000000e7b00000, 0x00000000e7b00000, 0x00000000e7c00000|  0%| F|  |TS  1|AC  0|TAMS 0x00000000e7b00000, 0x00000000e7b00000|
| 124|0x00000000e7c00000, 0x00000000e7c00000, 0x00000000e7d00000|  0%| F|  |TS  1|AC  0|TAMS 0x00000000e7c00000, 0x00000000e7c00000|
| 125|0x00000000e7d00000, 0x00000000e7d00000, 0x00000000e7e00000|  0%| F|  |TS  1|AC  0|TAMS 0x00000000e7d00000, 0x00000000e7d00000|
| 126|0x00000000e7e00000, 0x00000000e7e00000, 0x00000000e7f00000|  0%| F|  |TS  1|AC  0|TAMS 0x00000000e7e00000, 0x00000000e7e00000|
| 127|0x00000000e7f00000, 0x00000000e7f00000, 0x00000000e8000000|  0%| F|  |TS  1|AC  0|TAMS 0x00000000e7f00000, 0x00000000e7f00000|
| 128|0x00000000e8000000, 0x00000000e8000000, 0x00000000e8100000|  0%| F|  |TS  1|AC  0|TAMS 0x00000000e8000000, 0x00000000e8000000|
| 129|0x00000000e8100000, 0x00000000e8100000, 0x00000000e8200000|  0%| F|  |TS  1|AC  0|TAMS 0x00000000e8100000, 0x00000000e8100000|
| 130|0x00000000e8200000, 0x00000000e8200000, 0x00000000e8300000|  0%| F|  |TS  1|AC  0|TAMS 0x00000000e8200000, 0x00000000e8200000|
| 131|0x00000000e8300000, 0x00000000e8300000, 0x00000000e8400000|  0%| F|  |TS  1|AC  0|TAMS 0x00000000e8300000, 0x00000000e8300000|
| 132|0x00000000e8400000, 0x00000000e8400000, 0x00000000e8500000|  0%| F|  |TS  1|AC  0|TAMS 0x00000000e8400000, 0x00000000e8400000|
| 133|0x00000000e8500000, 0x00000000e8500000, 0x00000000e8600000|  0%| F|  |TS  1|AC  0|TAMS 0x00000000e8500000, 0x00000000e8500000|
| 134|0x00000000e8600000, 0x00000000e8600000, 0x00000000e8700000|  0%| F|  |TS  1|AC  0|TAMS 0x00000000e8600000, 0x00000000e8600000|
| 135|0x00000000e8700000, 0x00000000e8700000, 0x00000000e8800000|  0%| F|  |TS  1|AC  0|TAMS 0x00000000e8700000, 0x00000000e8700000|
| 136|0x00000000e8800000, 0x00000000e8800000, 0x00000000e8900000|  0%| F|  |TS  1|AC  0|TAMS 0x00000000e8800000, 0x00000000e8800000|
| 137|0x00000000e8900000, 0x00000000e8900000, 0x00000000e8a00000|  0%| F|  |TS  1|AC  0|TAMS 0x00000000e8900000, 0x00000000e8900000|
| 138|0x00000000e8a00000, 0x00000000e8a00000, 0x00000000e8b00000|  0%| F|  |TS  1|AC  0|TAMS 0x00000000e8a00000, 0x00000000e8a00000|
| 139|0x00000000e8b00000, 0x00000000e8b00000, 0x00000000e8c00000|  0%| F|  |TS  1|AC  0|TAMS 0x00000000e8b00000, 0x00000000e8b00000|
| 140|0x00000000e8c00000, 0x00000000e8c00000, 0x00000000e8d00000|  0%| F|  |TS  1|AC  0|TAMS 0x00000000e8c00000, 0x00000000e8c00000|
| 141|0x00000000e8d00000, 0x00000000e8d00000, 0x00000000e8e00000|  0%| F|  |TS  1|AC  0|TAMS 0x00000000e8d00000, 0x00000000e8d00000|
| 142|0x00000000e8e00000, 0x00000000e8e00000, 0x00000000e8f00000|  0%| F|  |TS  1|AC  0|TAMS 0x00000000e8e00000, 0x00000000e8e00000|
| 143|0x00000000e8f00000, 0x00000000e8f00000, 0x00000000e9000000|  0%| F|  |TS  1|AC  0|TAMS 0x00000000e8f00000, 0x00000000e8f00000|
| 144|0x00000000e9000000, 0x00000000e9000000, 0x00000000e9100000|  0%| F|  |TS  1|AC  0|TAMS 0x00000000e9000000, 0x00000000e9000000|
| 145|0x00000000e9100000, 0x00000000e9100000, 0x00000000e9200000|  0%| F|  |TS  1|AC  0|TAMS 0x00000000e9100000, 0x00000000e9100000|
| 146|0x00000000e9200000, 0x00000000e9200000, 0x00000000e9300000|  0%| F|  |TS  1|AC  0|TAMS 0x00000000e9200000, 0x00000000e9200000|
| 147|0x00000000e9300000, 0x00000000e9300000, 0x00000000e9400000|  0%| F|  |TS  1|AC  0|TAMS 0x00000000e9300000, 0x00000000e9300000|
| 148|0x00000000e9400000, 0x00000000e9400000, 0x00000000e9500000|  0%| F|  |TS  1|AC  0|TAMS 0x00000000e9400000, 0x00000000e9400000|
| 149|0x00000000e9500000, 0x00000000e9500000, 0x00000000e9600000|  0%| F|  |TS  1|AC  0|TAMS 0x00000000e9500000, 0x00000000e9500000|
| 150|0x00000000e9600000, 0x00000000e9600000, 0x00000000e9700000|  0%| F|  |TS  1|AC  0|TAMS 0x00000000e9600000, 0x00000000e9600000|
| 151|0x00000000e9700000, 0x00000000e9700000, 0x00000000e9800000|  0%| F|  |TS  1|AC  0|TAMS 0x00000000e9700000, 0x00000000e9700000|
| 152|0x00000000e9800000, 0x00000000e9800000, 0x00000000e9900000|  0%| F|  |TS  1|AC  0|TAMS 0x00000000e9800000, 0x00000000e9800000|
| 153|0x00000000e9900000, 0x00000000e9900000, 0x00000000e9a00000|  0%| F|  |TS  1|AC  0|TAMS 0x00000000e9900000, 0x00000000e9900000|
| 154|0x00000000e9a00000, 0x00000000e9a00000, 0x00000000e9b00000|  0%| F|  |TS  1|AC  0|TAMS 0x00000000e9a00000, 0x00000000e9a00000|
| 155|0x00000000e9b00000, 0x00000000e9b00000, 0x00000000e9c00000|  0%| F|  |TS  1|AC  0|TAMS 0x00000000e9b00000, 0x00000000e9b00000|
| 156|0x00000000e9c00000, 0x00000000e9c00000, 0x00000000e9d00000|  0%| F|  |TS  1|AC  0|TAMS 0x00000000e9c00000, 0x00000000e9c00000|
| 157|0x00000000e9d00000, 0x00000000e9d00000, 0x00000000e9e00000|  0%| F|  |TS  1|AC  0|TAMS 0x00000000e9d00000, 0x00000000e9d00000|
| 158|0x00000000e9e00000, 0x00000000e9e00000, 0x00000000e9f00000|  0%| F|  |TS  1|AC  0|TAMS 0x00000000e9e00000, 0x00000000e9e00000|
| 159|0x00000000e9f00000, 0x00000000e9f00000, 0x00000000ea000000|  0%| F|  |TS  1|AC  0|TAMS 0x00000000e9f00000, 0x00000000e9f00000|
| 160|0x00000000ea000000, 0x00000000ea000000, 0x00000000ea100000|  0%| F|  |TS  1|AC  0|TAMS 0x00000000ea000000, 0x00000000ea000000|
| 161|0x00000000ea100000, 0x00000000ea100000, 0x00000000ea200000|  0%| F|  |TS  1|AC  0|TAMS 0x00000000ea100000, 0x00000000ea100000|
| 162|0x00000000ea200000, 0x00000000ea200000, 0x00000000ea300000|  0%| F|  |TS  1|AC  0|TAMS 0x00000000ea200000, 0x00000000ea200000|
| 163|0x00000000ea300000, 0x00000000ea300000, 0x00000000ea400000|  0%| F|  |TS  1|AC  0|TAMS 0x00000000ea300000, 0x00000000ea300000|
| 164|0x00000000ea400000, 0x00000000ea400000, 0x00000000ea500000|  0%| F|  |TS  1|AC  0|TAMS 0x00000000ea400000, 0x00000000ea400000|
| 165|0x00000000ea500000, 0x00000000ea500000, 0x00000000ea600000|  0%| F|  |TS  1|AC  0|TAMS 0x00000000ea500000, 0x00000000ea500000|
| 166|0x00000000ea600000, 0x00000000ea600000, 0x00000000ea700000|  0%| F|  |TS  1|AC  0|TAMS 0x00000000ea600000, 0x00000000ea600000|
| 167|0x00000000ea700000, 0x00000000ea700000, 0x00000000ea800000|  0%| F|  |TS  1|AC  0|TAMS 0x00000000ea700000, 0x00000000ea700000|
| 168|0x00000000ea800000, 0x00000000ea800000, 0x00000000ea900000|  0%| F|  |TS  1|AC  0|TAMS 0x00000000ea800000, 0x00000000ea800000|
| 169|0x00000000ea900000, 0x00000000ea900000, 0x00000000eaa00000|  0%| F|  |TS  1|AC  0|TAMS 0x00000000ea900000, 0x00000000ea900000|
| 170|0x00000000eaa00000, 0x00000000eaa00000, 0x00000000eab00000|  0%| F|  |TS  1|AC  0|TAMS 0x00000000eaa00000, 0x00000000eaa00000|
| 171|0x00000000eab00000, 0x00000000eab00000, 0x00000000eac00000|  0%| F|  |TS  1|AC  0|TAMS 0x00000000eab00000, 0x00000000eab00000|
| 172|0x00000000eac00000, 0x00000000eac00000, 0x00000000ead00000|  0%| F|  |TS  1|AC  0|TAMS 0x00000000eac00000, 0x00000000eac00000|
| 173|0x00000000ead00000, 0x00000000ead00000, 0x00000000eae00000|  0%| F|  |TS  1|AC  0|TAMS 0x00000000ead00000, 0x00000000ead00000|
| 174|0x00000000eae00000, 0x00000000eae00000, 0x00000000eaf00000|  0%| F|  |TS  1|AC  0|TAMS 0x00000000eae00000, 0x00000000eae00000|
| 175|0x00000000eaf00000, 0x00000000eaf00000, 0x00000000eb000000|  0%| F|  |TS  1|AC  0|TAMS 0x00000000eaf00000, 0x00000000eaf00000|
| 176|0x00000000eb000000, 0x00000000eb000000, 0x00000000eb100000|  0%| F|  |TS  1|AC  0|TAMS 0x00000000eb000000, 0x00000000eb000000|
| 177|0x00000000eb100000, 0x00000000eb100000, 0x00000000eb200000|  0%| F|  |TS  1|AC  0|TAMS 0x00000000eb100000, 0x00000000eb100000|
| 178|0x00000000eb200000, 0x00000000eb200000, 0x00000000eb300000|  0%| F|  |TS  1|AC  0|TAMS 0x00000000eb200000, 0x00000000eb200000|
| 179|0x00000000eb300000, 0x00000000eb300000, 0x00000000eb400000|  0%| F|  |TS  1|AC  0|TAMS 0x00000000eb300000, 0x00000000eb300000|
| 180|0x00000000eb400000, 0x00000000eb480800, 0x00000000eb500000| 50%| E|  |TS  1|AC  0|TAMS 0x00000000eb400000, 0x00000000eb400000|
| 181|0x00000000eb500000, 0x00000000eb600000, 0x00000000eb600000|100%| E|CS|TS  1|AC  0|TAMS 0x00000000eb500000, 0x00000000eb500000|
| 182|0x00000000eb600000, 0x00000000eb700000, 0x00000000eb700000|100%| E|CS|TS  1|AC  0|TAMS 0x00000000eb600000, 0x00000000eb600000|
| 183|0x00000000eb700000, 0x00000000eb800000, 0x00000000eb800000|100%| E|CS|TS  1|AC  0|TAMS 0x00000000eb700000, 0x00000000eb700000|
| 184|0x00000000eb800000, 0x00000000eb900000, 0x00000000eb900000|100%| E|CS|TS  1|AC  0|TAMS 0x00000000eb800000, 0x00000000eb800000|
| 185|0x00000000eb900000, 0x00000000eba00000, 0x00000000eba00000|100%| E|CS|TS  1|AC  0|TAMS 0x00000000eb900000, 0x00000000eb900000|
| 186|0x00000000eba00000, 0x00000000ebb00000, 0x00000000ebb00000|100%| E|CS|TS  1|AC  0|TAMS 0x00000000eba00000, 0x00000000eba00000|
| 187|0x00000000ebb00000, 0x00000000ebc00000, 0x00000000ebc00000|100%| E|CS|TS  1|AC  0|TAMS 0x00000000ebb00000, 0x00000000ebb00000|
| 188|0x00000000ebc00000, 0x00000000ebd00000, 0x00000000ebd00000|100%| E|CS|TS  1|AC  0|TAMS 0x00000000ebc00000, 0x00000000ebc00000|
| 189|0x00000000ebd00000, 0x00000000ebe00000, 0x00000000ebe00000|100%| E|CS|TS  1|AC  0|TAMS 0x00000000ebd00000, 0x00000000ebd00000|
| 190|0x00000000ebe00000, 0x00000000ebf00000, 0x00000000ebf00000|100%| E|CS|TS  1|AC  0|TAMS 0x00000000ebe00000, 0x00000000ebe00000|
| 191|0x00000000ebf00000, 0x00000000ec000000, 0x00000000ec000000|100%| E|CS|TS  1|AC  0|TAMS 0x00000000ebf00000, 0x00000000ebf00000|
| 192|0x00000000ec000000, 0x00000000ec100000, 0x00000000ec100000|100%| E|CS|TS  1|AC  0|TAMS 0x00000000ec000000, 0x00000000ec000000|
| 193|0x00000000ec100000, 0x00000000ec200000, 0x00000000ec200000|100%| E|CS|TS  1|AC  0|TAMS 0x00000000ec100000, 0x00000000ec100000|
| 194|0x00000000ec200000, 0x00000000ec300000, 0x00000000ec300000|100%| E|CS|TS  1|AC  0|TAMS 0x00000000ec200000, 0x00000000ec200000|
| 195|0x00000000ec300000, 0x00000000ec400000, 0x00000000ec400000|100%| E|CS|TS  1|AC  0|TAMS 0x00000000ec300000, 0x00000000ec300000|
| 196|0x00000000ec400000, 0x00000000ec500000, 0x00000000ec500000|100%| E|CS|TS  1|AC  0|TAMS 0x00000000ec400000, 0x00000000ec400000|
| 197|0x00000000ec500000, 0x00000000ec600000, 0x00000000ec600000|100%| E|CS|TS  1|AC  0|TAMS 0x00000000ec500000, 0x00000000ec500000|
| 198|0x00000000ec600000, 0x00000000ec700000, 0x00000000ec700000|100%| E|CS|TS  1|AC  0|TAMS 0x00000000ec600000, 0x00000000ec600000|
| 199|0x00000000ec700000, 0x00000000ec800000, 0x00000000ec800000|100%| E|CS|TS  1|AC  0|TAMS 0x00000000ec700000, 0x00000000ec700000|
| 200|0x00000000ec800000, 0x00000000ec900000, 0x00000000ec900000|100%| E|CS|TS  1|AC  0|TAMS 0x00000000ec800000, 0x00000000ec800000|
| 201|0x00000000ec900000, 0x00000000eca00000, 0x00000000eca00000|100%| E|CS|TS  1|AC  0|TAMS 0x00000000ec900000, 0x00000000ec900000|
| 202|0x00000000eca00000, 0x00000000ecb00000, 0x00000000ecb00000|100%| E|CS|TS  1|AC  0|TAMS 0x00000000eca00000, 0x00000000eca00000|
| 203|0x00000000ecb00000, 0x00000000ecc00000, 0x00000000ecc00000|100%| E|CS|TS  1|AC  0|TAMS 0x00000000ecb00000, 0x00000000ecb00000|
| 204|0x00000000ecc00000, 0x00000000ecd00000, 0x00000000ecd00000|100%| E|CS|TS  1|AC  0|TAMS 0x00000000ecc00000, 0x00000000ecc00000|
| 205|0x00000000ecd00000, 0x00000000ece00000, 0x00000000ece00000|100%| E|CS|TS  1|AC  0|TAMS 0x00000000ecd00000, 0x00000000ecd00000|
| 206|0x00000000ece00000, 0x00000000ecf00000, 0x00000000ecf00000|100%| E|CS|TS  1|AC  0|TAMS 0x00000000ece00000, 0x00000000ece00000|
| 207|0x00000000ecf00000, 0x00000000ed000000, 0x00000000ed000000|100%| E|CS|TS  1|AC  0|TAMS 0x00000000ecf00000, 0x00000000ecf00000|
| 208|0x00000000ed000000, 0x00000000ed100000, 0x00000000ed100000|100%| E|CS|TS  1|AC  0|TAMS 0x00000000ed000000, 0x00000000ed000000|
| 209|0x00000000ed100000, 0x00000000ed200000, 0x00000000ed200000|100%| E|CS|TS  1|AC  0|TAMS 0x00000000ed100000, 0x00000000ed100000|
| 210|0x00000000ed200000, 0x00000000ed300000, 0x00000000ed300000|100%| E|CS|TS  1|AC  0|TAMS 0x00000000ed200000, 0x00000000ed200000|
| 211|0x00000000ed300000, 0x00000000ed400000, 0x00000000ed400000|100%| E|CS|TS  1|AC  0|TAMS 0x00000000ed300000, 0x00000000ed300000|
| 212|0x00000000ed400000, 0x00000000ed500000, 0x00000000ed500000|100%| E|CS|TS  1|AC  0|TAMS 0x00000000ed400000, 0x00000000ed400000|
| 213|0x00000000ed500000, 0x00000000ed600000, 0x00000000ed600000|100%| E|CS|TS  1|AC  0|TAMS 0x00000000ed500000, 0x00000000ed500000|
| 214|0x00000000ed600000, 0x00000000ed700000, 0x00000000ed700000|100%| E|CS|TS  1|AC  0|TAMS 0x00000000ed600000, 0x00000000ed600000|
| 215|0x00000000ed700000, 0x00000000ed800000, 0x00000000ed800000|100%| E|CS|TS  1|AC  0|TAMS 0x00000000ed700000, 0x00000000ed700000|
| 216|0x00000000ed800000, 0x00000000ed900000, 0x00000000ed900000|100%| E|CS|TS  1|AC  0|TAMS 0x00000000ed800000, 0x00000000ed800000|
| 217|0x00000000ed900000, 0x00000000eda00000, 0x00000000eda00000|100%| E|CS|TS  1|AC  0|TAMS 0x00000000ed900000, 0x00000000ed900000|
| 218|0x00000000eda00000, 0x00000000edb00000, 0x00000000edb00000|100%| E|CS|TS  1|AC  0|TAMS 0x00000000eda00000, 0x00000000eda00000|
| 219|0x00000000edb00000, 0x00000000edc00000, 0x00000000edc00000|100%| E|CS|TS  1|AC  0|TAMS 0x00000000edb00000, 0x00000000edb00000|
| 220|0x00000000edc00000, 0x00000000edd00000, 0x00000000edd00000|100%| E|CS|TS  1|AC  0|TAMS 0x00000000edc00000, 0x00000000edc00000|
| 221|0x00000000edd00000, 0x00000000ede00000, 0x00000000ede00000|100%| E|CS|TS  1|AC  0|TAMS 0x00000000edd00000, 0x00000000edd00000|
| 222|0x00000000ede00000, 0x00000000edf00000, 0x00000000edf00000|100%| E|CS|TS  1|AC  0|TAMS 0x00000000ede00000, 0x00000000ede00000|
| 223|0x00000000edf00000, 0x00000000ee000000, 0x00000000ee000000|100%| E|CS|TS  1|AC  0|TAMS 0x00000000edf00000, 0x00000000edf00000|
| 224|0x00000000ee000000, 0x00000000ee100000, 0x00000000ee100000|100%| E|CS|TS  1|AC  0|TAMS 0x00000000ee000000, 0x00000000ee000000|
| 225|0x00000000ee100000, 0x00000000ee200000, 0x00000000ee200000|100%| E|CS|TS  1|AC  0|TAMS 0x00000000ee100000, 0x00000000ee100000|
| 226|0x00000000ee200000, 0x00000000ee300000, 0x00000000ee300000|100%| E|CS|TS  1|AC  0|TAMS 0x00000000ee200000, 0x00000000ee200000|
| 227|0x00000000ee300000, 0x00000000ee400000, 0x00000000ee400000|100%| E|CS|TS  1|AC  0|TAMS 0x00000000ee300000, 0x00000000ee300000|
| 228|0x00000000ee400000, 0x00000000ee500000, 0x00000000ee500000|100%| E|CS|TS  1|AC  0|TAMS 0x00000000ee400000, 0x00000000ee400000|
| 229|0x00000000ee500000, 0x00000000ee600000, 0x00000000ee600000|100%| E|CS|TS  1|AC  0|TAMS 0x00000000ee500000, 0x00000000ee500000|
| 230|0x00000000ee600000, 0x00000000ee700000, 0x00000000ee700000|100%| E|CS|TS  1|AC  0|TAMS 0x00000000ee600000, 0x00000000ee600000|
| 231|0x00000000ee700000, 0x00000000ee800000, 0x00000000ee800000|100%| E|CS|TS  1|AC  0|TAMS 0x00000000ee700000, 0x00000000ee700000|
| 232|0x00000000ee800000, 0x00000000ee900000, 0x00000000ee900000|100%| E|CS|TS  1|AC  0|TAMS 0x00000000ee800000, 0x00000000ee800000|
| 233|0x00000000ee900000, 0x00000000eea00000, 0x00000000eea00000|100%| E|CS|TS  1|AC  0|TAMS 0x00000000ee900000, 0x00000000ee900000|
| 234|0x00000000eea00000, 0x00000000eeb00000, 0x00000000eeb00000|100%| E|CS|TS  1|AC  0|TAMS 0x00000000eea00000, 0x00000000eea00000|
| 235|0x00000000eeb00000, 0x00000000eec00000, 0x00000000eec00000|100%| E|CS|TS  1|AC  0|TAMS 0x00000000eeb00000, 0x00000000eeb00000|
| 236|0x00000000eec00000, 0x00000000eed00000, 0x00000000eed00000|100%| E|CS|TS  1|AC  0|TAMS 0x00000000eec00000, 0x00000000eec00000|
| 237|0x00000000eed00000, 0x00000000eee00000, 0x00000000eee00000|100%| E|CS|TS  1|AC  0|TAMS 0x00000000eed00000, 0x00000000eed00000|
| 238|0x00000000eee00000, 0x00000000eef00000, 0x00000000eef00000|100%| E|CS|TS  1|AC  0|TAMS 0x00000000eee00000, 0x00000000eee00000|
| 239|0x00000000eef00000, 0x00000000ef000000, 0x00000000ef000000|100%| E|CS|TS  1|AC  0|TAMS 0x00000000eef00000, 0x00000000eef00000|
| 240|0x00000000ef000000, 0x00000000ef100000, 0x00000000ef100000|100%| E|CS|TS  1|AC  0|TAMS 0x00000000ef000000, 0x00000000ef000000|
| 241|0x00000000ef100000, 0x00000000ef200000, 0x00000000ef200000|100%| E|CS|TS  1|AC  0|TAMS 0x00000000ef100000, 0x00000000ef100000|
| 242|0x00000000ef200000, 0x00000000ef300000, 0x00000000ef300000|100%| E|CS|TS  1|AC  0|TAMS 0x00000000ef200000, 0x00000000ef200000|
| 243|0x00000000ef300000, 0x00000000ef400000, 0x00000000ef400000|100%| E|CS|TS  1|AC  0|TAMS 0x00000000ef300000, 0x00000000ef300000|
| 244|0x00000000ef400000, 0x00000000ef500000, 0x00000000ef500000|100%| E|CS|TS  1|AC  0|TAMS 0x00000000ef400000, 0x00000000ef400000|
| 245|0x00000000ef500000, 0x00000000ef600000, 0x00000000ef600000|100%| E|CS|TS  1|AC  0|TAMS 0x00000000ef500000, 0x00000000ef500000|
| 246|0x00000000ef600000, 0x00000000ef700000, 0x00000000ef700000|100%| E|CS|TS  1|AC  0|TAMS 0x00000000ef600000, 0x00000000ef600000|
| 247|0x00000000ef700000, 0x00000000ef800000, 0x00000000ef800000|100%| E|CS|TS  1|AC  0|TAMS 0x00000000ef700000, 0x00000000ef700000|
| 248|0x00000000ef800000, 0x00000000ef900000, 0x00000000ef900000|100%| E|CS|TS  1|AC  0|TAMS 0x00000000ef800000, 0x00000000ef800000|
| 249|0x00000000ef900000, 0x00000000efa00000, 0x00000000efa00000|100%| E|CS|TS  1|AC  0|TAMS 0x00000000ef900000, 0x00000000ef900000|
| 250|0x00000000efa00000, 0x00000000efb00000, 0x00000000efb00000|100%| E|CS|TS  1|AC  0|TAMS 0x00000000efa00000, 0x00000000efa00000|
| 251|0x00000000efb00000, 0x00000000efc00000, 0x00000000efc00000|100%| E|CS|TS  1|AC  0|TAMS 0x00000000efb00000, 0x00000000efb00000|
| 252|0x00000000efc00000, 0x00000000efd00000, 0x00000000efd00000|100%| E|CS|TS  1|AC  0|TAMS 0x00000000efc00000, 0x00000000efc00000|
| 253|0x00000000efd00000, 0x00000000efe00000, 0x00000000efe00000|100%| E|CS|TS  1|AC  0|TAMS 0x00000000efd00000, 0x00000000efd00000|
| 254|0x00000000efe00000, 0x00000000eff00000, 0x00000000eff00000|100%| E|CS|TS  1|AC  0|TAMS 0x00000000efe00000, 0x00000000efe00000|
| 255|0x00000000eff00000, 0x00000000f0000000, 0x00000000f0000000|100%| E|CS|TS  1|AC  0|TAMS 0x00000000eff00000, 0x00000000eff00000|

Card table byte_map: [0x000002a79ce70000,0x000002a79cf70000] byte_map_base: 0x000002a79c770000

Marking Bits (Prev, Next): (CMBitMap*) 0x000002a781097b28, (CMBitMap*) 0x000002a781097af0
 Prev Bits: [0x000002a79d870000, 0x000002a79e070000)
 Next Bits: [0x000002a79d070000, 0x000002a79d870000)

Polling page: 0x000002a780f50000

CodeHeap 'non-profiled nmethods': size=120000Kb used=3551Kb max_used=3551Kb free=116448Kb
 bounds [0x000002a794ce0000, 0x000002a795060000, 0x000002a79c210000]
CodeHeap 'profiled nmethods': size=120000Kb used=12234Kb max_used=12234Kb free=107765Kb
 bounds [0x000002a78d7b0000, 0x000002a78e3b0000, 0x000002a794ce0000]
CodeHeap 'non-nmethods': size=5760Kb used=1271Kb max_used=1319Kb free=4488Kb
 bounds [0x000002a78d210000, 0x000002a78d480000, 0x000002a78d7b0000]
 total_blobs=6558 nmethods=4734 adapters=359
 compilation: enabled

Compilation events (10 events):
Event: 7.596 Thread 0x000002a7a13a3000 4735       3       org.apache.maven.model.CiManagement::setLocation (186 bytes)
Event: 7.597 Thread 0x000002a7a13a3000 nmethod 4735 0x000002a78e3a0390 code [0x000002a78e3a0660, 0x000002a78e3a19d0]
Event: 7.735 Thread 0x000002a7a13a3000 4736       1       org.apache.maven.model.Extension::getGroupId (5 bytes)
Event: 7.735 Thread 0x000002a7a13a3000 nmethod 4736 0x000002a795057710 code [0x000002a7950578c0, 0x000002a7950579d8]
Event: 7.736 Thread 0x000002a7a13a3000 4737       1       org.apache.maven.model.Extension::getArtifactId (5 bytes)
Event: 7.736 Thread 0x000002a7a13a3000 nmethod 4737 0x000002a795057a90 code [0x000002a795057c40, 0x000002a795057d58]
Event: 7.865 Thread 0x000002a7a13a3000 4738       3       org.apache.maven.model.merge.ModelMerger::mergeDistributionManagement_Status (41 bytes)
Event: 7.866 Thread 0x000002a7a13a3000 nmethod 4738 0x000002a78e3a1d90 code [0x000002a78e3a1f80, 0x000002a78e3a2320]
Event: 7.866 Thread 0x000002a7a13a3000 4739       3       org.apache.maven.model.merge.ModelMerger::mergeDistributionManagement_DownloadUrl (41 bytes)
Event: 7.866 Thread 0x000002a7a13a3000 nmethod 4739 0x000002a78e3a2490 code [0x000002a78e3a2680, 0x000002a78e3a2a20]

GC Heap History (10 events):
Event: 1.739 GC heap before
{Heap before GC invocations=0 (full 0):
 garbage-first heap   total 262144K, used 24576K [0x00000000e0000000, 0x00000000e0100800, 0x0000000100000000)
  region size 1024K, 24 young (24576K), 0 survivors (0K)
 Metaspace       used 12774K, capacity 13100K, committed 13312K, reserved 1060864K
  class space    used 1302K, capacity 1411K, committed 1536K, reserved 1048576K
}
Event: 1.747 GC heap after
{Heap after GC invocations=1 (full 0):
 garbage-first heap   total 262144K, used 6770K [0x00000000e0000000, 0x00000000e0100800, 0x0000000100000000)
  region size 1024K, 3 young (3072K), 3 survivors (3072K)
 Metaspace       used 12774K, capacity 13100K, committed 13312K, reserved 1060864K
  class space    used 1302K, capacity 1411K, committed 1536K, reserved 1048576K
}
Event: 2.024 GC heap before
{Heap before GC invocations=1 (full 0):
 garbage-first heap   total 262144K, used 33394K [0x00000000e0000000, 0x00000000e0100800, 0x0000000100000000)
  region size 1024K, 29 young (29696K), 3 survivors (3072K)
 Metaspace       used 14826K, capacity 15096K, committed 15232K, reserved 1062912K
  class space    used 1548K, capacity 1643K, committed 1664K, reserved 1048576K
}
Event: 2.030 GC heap after
{Heap after GC invocations=2 (full 0):
 garbage-first heap   total 262144K, used 10399K [0x00000000e0000000, 0x00000000e0100800, 0x0000000100000000)
  region size 1024K, 4 young (4096K), 4 survivors (4096K)
 Metaspace       used 14826K, capacity 15096K, committed 15232K, reserved 1062912K
  class space    used 1548K, capacity 1643K, committed 1664K, reserved 1048576K
}
Event: 2.667 GC heap before
{Heap before GC invocations=2 (full 0):
 garbage-first heap   total 262144K, used 50335K [0x00000000e0000000, 0x00000000e0100800, 0x0000000100000000)
  region size 1024K, 43 young (44032K), 4 survivors (4096K)
 Metaspace       used 19838K, capacity 20286K, committed 20480K, reserved 1067008K
  class space    used 2135K, capacity 2244K, committed 2304K, reserved 1048576K
}
Event: 2.673 GC heap after
{Heap after GC invocations=3 (full 0):
 garbage-first heap   total 262144K, used 14217K [0x00000000e0000000, 0x00000000e0100800, 0x0000000100000000)
  region size 1024K, 6 young (6144K), 6 survivors (6144K)
 Metaspace       used 19838K, capacity 20286K, committed 20480K, reserved 1067008K
  class space    used 2135K, capacity 2244K, committed 2304K, reserved 1048576K
}
Event: 3.466 GC heap before
{Heap before GC invocations=3 (full 0):
 garbage-first heap   total 262144K, used 66441K [0x00000000e0000000, 0x00000000e0100800, 0x0000000100000000)
  region size 1024K, 58 young (59392K), 6 survivors (6144K)
 Metaspace       used 20692K, capacity 21170K, committed 21248K, reserved 1069056K
  class space    used 2167K, capacity 2278K, committed 2304K, reserved 1048576K
}
Event: 3.473 GC heap after
{Heap after GC invocations=4 (full 0):
 garbage-first heap   total 262144K, used 15819K [0x00000000e0000000, 0x00000000e0100800, 0x0000000100000000)
  region size 1024K, 8 young (8192K), 8 survivors (8192K)
 Metaspace       used 20692K, capacity 21170K, committed 21248K, reserved 1069056K
  class space    used 2167K, capacity 2278K, committed 2304K, reserved 1048576K
}
Event: 4.971 GC heap before
{Heap before GC invocations=5 (full 0):
 garbage-first heap   total 262144K, used 162251K [0x00000000e0000000, 0x00000000e0100800, 0x0000000100000000)
  region size 1024K, 153 young (156672K), 8 survivors (8192K)
 Metaspace       used 21612K, capacity 22220K, committed 22400K, reserved 1069056K
  class space    used 2194K, capacity 2319K, committed 2432K, reserved 1048576K
}
Event: 4.986 GC heap after
{Heap after GC invocations=6 (full 0):
 garbage-first heap   total 262144K, used 26299K [0x00000000e0000000, 0x00000000e0100800, 0x0000000100000000)
  region size 1024K, 20 young (20480K), 20 survivors (20480K)
 Metaspace       used 21612K, capacity 22220K, committed 22400K, reserved 1069056K
  class space    used 2194K, capacity 2319K, committed 2432K, reserved 1048576K
}

Deoptimization events (10 events):
Event: 6.886 Thread 0x000002a781024000 Uncommon trap: reason=unstable_if action=reinterpret pc=0x000002a794ed143c method=java.lang.String.valueOf(C)Ljava/lang/String; @ 10 c2
Event: 6.886 Thread 0x000002a781024000 Uncommon trap: reason=unstable_if action=reinterpret pc=0x000002a794e1e5d0 method=java.lang.String.valueOf(C)Ljava/lang/String; @ 10 c2
Event: 6.888 Thread 0x000002a781024000 Uncommon trap: reason=unstable_if action=reinterpret pc=0x000002a794d13d60 method=java.lang.String.getBytes([BIB)V @ 5 c2
Event: 7.027 Thread 0x000002a781024000 Uncommon trap: reason=unstable_if action=reinterpret pc=0x000002a794f9d858 method=org.eclipse.aether.util.graph.transformer.ConflictResolver$State.deriveScope(Lorg/eclipse/aether/graph/DependencyNode;Ljava/lang/Object;)Ljava/lang/String; @ 8 c2
Event: 7.027 Thread 0x000002a781024000 Uncommon trap: reason=unstable_if action=reinterpret pc=0x000002a794fa5b98 method=org.eclipse.aether.util.graph.transformer.ConflictResolver$State.deriveScope(Lorg/eclipse/aether/graph/DependencyNode;Ljava/lang/Object;)Ljava/lang/String; @ 8 c2
Event: 7.432 Thread 0x000002a781024000 Uncommon trap: reason=unstable_if action=reinterpret pc=0x000002a794dc2e8c method=com.google.inject.internal.MoreTypes.canonicalize(Ljava/lang/reflect/Type;)Ljava/lang/reflect/Type; @ 16 c2
Event: 7.432 Thread 0x000002a781024000 Uncommon trap: reason=class_check action=maybe_recompile pc=0x000002a794dc85e4 method=com.google.inject.internal.MoreTypes.getRawType(Ljava/lang/reflect/Type;)Ljava/lang/Class; @ 13 c2
Event: 7.432 Thread 0x000002a781024000 Uncommon trap: reason=class_check action=maybe_recompile pc=0x000002a794dc85e4 method=com.google.inject.internal.MoreTypes.getRawType(Ljava/lang/reflect/Type;)Ljava/lang/Class; @ 13 c2
Event: 7.432 Thread 0x000002a781024000 Uncommon trap: reason=class_check action=maybe_recompile pc=0x000002a794dc85e4 method=com.google.inject.internal.MoreTypes.getRawType(Ljava/lang/reflect/Type;)Ljava/lang/Class; @ 13 c2
Event: 7.463 Thread 0x000002a781024000 Uncommon trap: reason=class_check action=maybe_recompile pc=0x000002a794dc85e4 method=com.google.inject.internal.MoreTypes.getRawType(Ljava/lang/reflect/Type;)Ljava/lang/Class; @ 13 c2

Classes redefined (0 events):
No events

Internal exceptions (10 events):
Event: 3.119 Thread 0x000002a781024000 Implicit null exception at 0x000002a794e591e2 to 0x000002a794e59881
Event: 4.716 Thread 0x000002a781024000 Implicit null exception at 0x000002a794da5f75 to 0x000002a794da611d
Event: 4.718 Thread 0x000002a781024000 Implicit null exception at 0x000002a794ceaeaf to 0x000002a794ceaf19
Event: 4.966 Thread 0x000002a781024000 Implicit null exception at 0x000002a794f2f563 to 0x000002a794f30095
Event: 5.229 Thread 0x000002a781024000 Implicit null exception at 0x000002a794ec4e43 to 0x000002a794ec57f9
Event: 7.458 Thread 0x000002a7a1e07800 Exception <a 'java/lang/NoSuchMethodError'{0x00000000ebdc5e90}: method resolution failed> (0x00000000ebdc5e90) thrown at [t:/workspace/hotspot/src/share/vm/prims/methodHandles.cpp, line 1256]
Event: 7.458 Thread 0x000002a7a1e07800 Exception <a 'java/lang/NoSuchMethodError'{0x00000000ebdc9590}: java.lang.invoke.DirectMethodHandle$Holder.invokeStaticInit(Ljava/lang/Object;Ljava/lang/Object;JLjava/lang/Object;)Ljava/lang/Object;> (0x00000000ebdc9590) thrown at [t:/workspace/hotspot/sr
Event: 7.459 Thread 0x000002a7a1e07800 Exception <a 'java/lang/NoSuchMethodError'{0x00000000ebdcf9c8}: method resolution failed> (0x00000000ebdcf9c8) thrown at [t:/workspace/hotspot/src/share/vm/prims/methodHandles.cpp, line 1256]
Event: 7.459 Thread 0x000002a7a1e07800 Exception <a 'java/lang/NoSuchMethodError'{0x00000000ebdd3400}: method resolution failed> (0x00000000ebdd3400) thrown at [t:/workspace/hotspot/src/share/vm/prims/methodHandles.cpp, line 1256]
Event: 7.465 Thread 0x000002a781024000 Exception <a 'java/lang/NoSuchMethodError'{0x00000000ebbcb730}: org.apache.maven.execution.MavenExecutionRequest.getFailureBehavior()Ljava/lang/String;> (0x00000000ebbcb730) thrown at [t:/workspace/hotspot/src/share/vm/interpreter/linkResolver.cpp, line 8

Events (10 events):
Event: 7.474 loading class org/apache/maven/plugin/surefire/util/DependencyScanner
Event: 7.474 loading class org/apache/maven/plugin/surefire/util/DependencyScanner done
Event: 7.474 loading class org/apache/maven/plugin/surefire/util/DependencyScanner
Event: 7.474 loading class org/apache/maven/plugin/surefire/util/DependencyScanner done
Event: 7.474 loading class org/apache/maven/plugin/surefire/util/DependencyScanner
Event: 7.474 loading class org/apache/maven/plugin/surefire/util/DependencyScanner done
Event: 7.474 loading class org/apache/maven/plugin/surefire/util/DependencyScanner
Event: 7.474 loading class org/apache/maven/plugin/surefire/util/DependencyScanner done
Event: 7.477 Thread 0x000002a781024000 DEOPT PACKING pc=0x000002a78e32e159 sp=0x000000d3ab7fcfb0
Event: 7.477 Thread 0x000002a781024000 DEOPT UNPACKING pc=0x000002a78d25dd3f sp=0x000000d3ab7fc448 mode 0


Dynamic libraries:
0x00007ff793bf0000 - 0x00007ff793c2e000 	C:\Program Files\Java\jdk-9.0.4\bin\java.exe
0x00007ff817bf0000 - 0x00007ff817de4000 	C:\WINDOWS\SYSTEM32\ntdll.dll
0x00007ff8176c0000 - 0x00007ff81777d000 	C:\WINDOWS\System32\KERNEL32.DLL
0x00007ff815460000 - 0x00007ff815727000 	C:\WINDOWS\System32\KERNELBASE.dll
0x00007ff812bc0000 - 0x00007ff812c50000 	C:\WINDOWS\SYSTEM32\apphelp.dll
0x00007ff817130000 - 0x00007ff8171da000 	C:\WINDOWS\System32\ADVAPI32.dll
0x00007ff816f40000 - 0x00007ff816fde000 	C:\WINDOWS\System32\msvcrt.dll
0x00007ff817090000 - 0x00007ff81712b000 	C:\WINDOWS\System32\sechost.dll
0x00007ff815c50000 - 0x00007ff815d73000 	C:\WINDOWS\System32\RPCRT4.dll
0x00007ff8169b0000 - 0x00007ff816b50000 	C:\WINDOWS\System32\USER32.dll
0x00007ff815980000 - 0x00007ff8159a2000 	C:\WINDOWS\System32\win32u.dll
0x00007ff816b50000 - 0x00007ff816b7a000 	C:\WINDOWS\System32\GDI32.dll
0x00007ff815ae0000 - 0x00007ff815bea000 	C:\WINDOWS\System32\gdi32full.dll
0x00007ff815780000 - 0x00007ff81581d000 	C:\WINDOWS\System32\msvcp_win.dll
0x00007ff815360000 - 0x00007ff815460000 	C:\WINDOWS\System32\ucrtbase.dll
0x00007ff801ee0000 - 0x00007ff80217a000 	C:\WINDOWS\WinSxS\amd64_microsoft.windows.common-controls_6595b64144ccf1df_6.0.19041.1_none_b555e41d4684ddec\COMCTL32.dll
0x00007ff814ed0000 - 0x00007ff814eda000 	C:\WINDOWS\SYSTEM32\VERSION.dll
0x00007ff817870000 - 0x00007ff8178a0000 	C:\WINDOWS\System32\IMM32.DLL
0x00007fff98620000 - 0x00007fff9870f000 	C:\Program Files\Java\jdk-9.0.4\bin\msvcr120.dll
0x00007fffad500000 - 0x00007fffad5a6000 	C:\Program Files\Java\jdk-9.0.4\bin\msvcp120.dll
0x0000000066710000 - 0x0000000067135000 	C:\Program Files\Java\jdk-9.0.4\bin\server\jvm.dll
0x00007ff817900000 - 0x00007ff817908000 	C:\WINDOWS\System32\PSAPI.DLL
0x00007ffff6ed0000 - 0x00007ffff6ed9000 	C:\WINDOWS\SYSTEM32\WSOCK32.dll
0x00007ff8011c0000 - 0x00007ff8011e7000 	C:\WINDOWS\SYSTEM32\WINMM.dll
0x00007ff8171e0000 - 0x00007ff81724b000 	C:\WINDOWS\System32\WS2_32.dll
0x00007ffffc470000 - 0x00007ffffc47f000 	C:\Program Files\Java\jdk-9.0.4\bin\verify.dll
0x00007fffd9430000 - 0x00007fffd9457000 	C:\Program Files\Java\jdk-9.0.4\bin\java.dll
0x00007fffd9680000 - 0x00007fffd9696000 	C:\Program Files\Java\jdk-9.0.4\bin\zip.dll
0x00007ffff59e0000 - 0x00007ffff59ea000 	C:\Program Files\Java\jdk-9.0.4\bin\jimage.dll
0x00007ff815f60000 - 0x00007ff816691000 	C:\WINDOWS\System32\SHELL32.dll
0x00007ff813450000 - 0x00007ff813bda000 	C:\WINDOWS\SYSTEM32\windows.storage.dll
0x00007ff816be0000 - 0x00007ff816f34000 	C:\WINDOWS\System32\combase.dll
0x00007ff814d40000 - 0x00007ff814d6b000 	C:\WINDOWS\SYSTEM32\Wldp.dll
0x00007ff815d80000 - 0x00007ff815e2e000 	C:\WINDOWS\System32\SHCORE.dll
0x00007ff817b50000 - 0x00007ff817ba5000 	C:\WINDOWS\System32\shlwapi.dll
0x00007ff815270000 - 0x00007ff81528f000 	C:\WINDOWS\SYSTEM32\profapi.dll
0x00007fffd94c0000 - 0x00007fffd94da000 	C:\Program Files\Java\jdk-9.0.4\bin\net.dll
0x00007ff809d90000 - 0x00007ff809e92000 	C:\WINDOWS\SYSTEM32\WINHTTP.dll
0x00007ff814ac0000 - 0x00007ff814b2a000 	C:\WINDOWS\system32\mswsock.dll
0x00007fffd9180000 - 0x00007fffd9191000 	C:\Program Files\Java\jdk-9.0.4\bin\nio.dll
0x00007ff814c90000 - 0x00007ff814ca8000 	C:\WINDOWS\SYSTEM32\CRYPTSP.dll
0x00007ff8143e0000 - 0x00007ff814414000 	C:\WINDOWS\system32\rsaenh.dll
0x00007ff815330000 - 0x00007ff815357000 	C:\WINDOWS\System32\bcrypt.dll
0x00007ff815230000 - 0x00007ff81525e000 	C:\WINDOWS\SYSTEM32\USERENV.dll
0x00007ff8159b0000 - 0x00007ff815a2f000 	C:\WINDOWS\System32\bcryptprimitives.dll
0x00007ff814cb0000 - 0x00007ff814cbc000 	C:\WINDOWS\SYSTEM32\CRYPTBASE.dll
0x00007ff814760000 - 0x00007ff81479b000 	C:\WINDOWS\SYSTEM32\IPHLPAPI.DLL
0x00007ff817b40000 - 0x00007ff817b49000 	C:\WINDOWS\System32\NSI.dll
0x00007ff80d050000 - 0x00007ff80d067000 	C:\WINDOWS\SYSTEM32\dhcpcsvc6.DLL
0x00007ff80cfd0000 - 0x00007ff80cfed000 	C:\WINDOWS\SYSTEM32\dhcpcsvc.DLL
0x00007ff8147b0000 - 0x00007ff81487a000 	C:\WINDOWS\SYSTEM32\DNSAPI.dll
0x00007fffe8c30000 - 0x00007fffe8c3a000 	C:\Users\Administrator\AppData\Local\Temp\jansi-1.17.1-15439067149913018470.dll
0x00007fffe5d00000 - 0x00007fffe5d0a000 	C:\Users\Administrator\AppData\Local\Temp\jansi-1.17.1-12090563915072643867.dll
0x00007ff802d50000 - 0x00007ff802f34000 	C:\WINDOWS\SYSTEM32\dbghelp.dll

VM Arguments:
jvm_args: -Dmaven.multiModuleProjectDirectory=E:\»·¾³\IDEATest\springbootplus\Vaccination-return-visit -Xms256m -Xmx512m -Dmaven.home=D:\tools\apache-maven-3.8.1 -Dclassworlds.conf=D:\tools\apache-maven-3.8.1\bin\m2.conf -Dmaven.ext.class.path=E:\IntelliJ IDEA 2021.1\plugins\maven\lib\maven-event-listener.jar -Dfile.encoding=UTF-8 
java_command: org.codehaus.classworlds.Launcher -Didea.version=2021.1 -s D:\tools\apache-maven-3.8.1\conf\settings.xml -Dmaven.repo.local=D:\mave3.8.1repository install
java_class_path (initial): D:\tools\apache-maven-3.8.1\boot\plexus-classworlds-2.6.0.jar;D:\tools\apache-maven-3.8.1\boot\plexus-classworlds.license
Launcher Type: SUN_STANDARD

Logging:
Log output configuration:
#0: stdout all=warning uptime,level,tags
#1: stderr all=off uptime,level,tags

Environment Variables:
JAVA_HOME=C:\Program Files\Java\jdk-9.0.4
CLASSPATH=.;C:\Program Files\Java\jdk-9.0.4\lib\dt.jar;C:\Program Files\Java\jdk-9.0.4\lib\tools.jar;
PATH=C:\Program Files (x86)\VMware\VMware Workstation\bin\;C:\Program Files (x86)\Razer Chroma SDK\bin;C:\Program Files\Razer Chroma SDK\bin;C:\Program Files (x86)\Razer\ChromaBroadcast\bin;C:\Program Files\Razer\ChromaBroadcast\bin;C:\ProgramData\Oracle\Java\javapath;C:\Program Files (x86)\Common Files\Oracle\Java\javapath;C:\Windows\system32;C:\Windows;C:\Windows\System32\Wbem;C:\Windows\System32\WindowsPowerShell\v1.0\;C:\Windows\System32\OpenSSH\;C:\Program Files\VisualSVN Server\bin;C:\Program Files\TortoiseGit\bin;C:\Program Files\Java\jdk1.8.0_201\bin;C:\Program Files\Java\jdk1.8.0_201\jre\bin;C:\Program Files\MongoDB\Server\3.4\bin;C:\Program Files\Git\cmd;C:\Program Files\neo4j-community-3.5.27\bin;C:\Windows\system32\config\systemprofile\AppData\Local\Microsoft\WindowsApps;C:\Program Files\NVIDIA Corporation\NVIDIA NvDLISR;C:\Program Files (x86)\NVIDIA Corporation\PhysX\Common;D:\tools\apache-maven-3.8.1\bin;C:\Program Files\Redis\;C:\Program Files (x86)\NetSarang\Xshell 7\;C:\Program Files\nodejs\;C:\WINDOWS\system32;C:\WINDOWS;C:\WINDOWS\System32\Wbem;C:\WINDOWS\System32\WindowsPowerShell\v1.0\;C:\WINDOWS\System32\OpenSSH\;C:\Users\Administrator\AppData\Local\Microsoft\WindowsApps;C:\Users\Administrator\AppData\Local\GitHubDesktop\bin;C:\Users\Administrator\AppData\Roaming\npm;
USERNAME=Administrator
OS=Windows_NT
PROCESSOR_IDENTIFIER=Intel64 Family 6 Model 158 Stepping 10, GenuineIntel



---------------  S Y S T E M  ---------------

OS: Windows 10 , 64 bit Build 19041 (10.0.19041.1)

CPU:total 8 (initial active 8) (4 cores per cpu, 2 threads per core) family 6 model 158 stepping 10, cmov, cx8, fxsr, mmx, sse, sse2, sse3, ssse3, sse4.1, sse4.2, popcnt, avx, avx2, aes, clmul, erms, 3dnowpref, lzcnt, ht, tsc, tscinvbit, bmi1, bmi2, adx, fma

Memory: 4k page, physical 16615732k(6293940k free), swap 33392948k(17826816k free)

vm_info: Java HotSpot(TM) 64-Bit Server VM (9.0.4+11) for windows-amd64 JRE (9.0.4+11), built on Dec 20 2017 02:18:54 by "mach5one" with MS VC++ 12.0 (VS2013)

END.
